Log file open, 06/17/19 22:57:03
LogWindows: Failed to load 'aqProf.dll' (GetLastError=126)
LogWindows: File 'aqProf.dll' does not exist
LogWindows: Failed to load 'VtuneApi.dll' (GetLastError=126)
LogWindows: File 'VtuneApi.dll' does not exist
LogWindows: Failed to load 'VtuneApi32e.dll' (GetLastError=126)
LogWindows: File 'VtuneApi32e.dll' does not exist
LogConsoleResponse: Display: Failed to find resolution value strings in scalability ini. Falling back to default.
LogInit: Display: Running engine for game: GoldenEye
LogPakFile: Registered encryption key '00000000000000000000000000000000': 0 pak files mounted, 0 remain pending
LogPlatformFile: Not using cached read wrapper
LogTaskGraph: Started task graph with 5 named threads and 23 total threads with 3 sets of task threads.
LogStats: Stats thread started at 0.352744
LogD3D11RHI: Loaded GFSDK_Aftermath_Lib.x64.dll
LogICUInternationalization: ICU TimeZone Detection - Raw Offset: -3:00, Platform Override: ''
LogPluginManager: Mounting plugin Paper2D
LogPluginManager: Mounting plugin AISupport
LogPluginManager: Mounting plugin LightPropagationVolume
LogPluginManager: Mounting plugin ActorLayerUtilities
LogPluginManager: Mounting plugin AnimationSharing
LogPluginManager: Mounting plugin CLionSourceCodeAccess
LogPluginManager: Mounting plugin CodeLiteSourceCodeAccess
LogPluginManager: Mounting plugin GitSourceControl
LogPluginManager: Mounting plugin KDevelopSourceCodeAccess
LogPluginManager: Mounting plugin NullSourceCodeAccess
LogPluginManager: Mounting plugin PerforceSourceControl
LogPluginManager: Mounting plugin SubversionSourceControl
LogPluginManager: Mounting plugin UObjectPlugin
LogPluginManager: Mounting plugin VisualStudioCodeSourceCodeAccess
LogPluginManager: Mounting plugin VisualStudioSourceCodeAccess
LogPluginManager: Mounting plugin XCodeSourceCodeAccess
LogPluginManager: Mounting plugin AssetManagerEditor
LogPluginManager: Mounting plugin CryptoKeys
LogPluginManager: Mounting plugin DataValidation
LogPluginManager: Mounting plugin FacialAnimation
LogPluginManager: Mounting plugin GameplayTagsEditor
LogPluginManager: Mounting plugin MacGraphicsSwitching
LogPluginManager: Mounting plugin MaterialAnalyzer
LogPluginManager: Mounting plugin MobileLauncherProfileWizard
LogPluginManager: Mounting plugin PluginBrowser
LogPluginManager: Mounting plugin SpeedTreeImporter
LogPluginManager: Mounting plugin DatasmithContent
LogPluginManager: Mounting plugin VariantManagerContent
LogPluginManager: Mounting plugin AlembicImporter
LogPluginManager: Mounting plugin AppleImageUtils
LogPluginManager: Mounting plugin AppleVision
LogPluginManager: Mounting plugin BackChannel
LogPluginManager: Mounting plugin CharacterAI
LogPluginManager: Mounting plugin GeometryCache
LogPluginManager: Mounting plugin HTML5Networking
LogPluginManager: Mounting plugin ProxyLODPlugin
LogPluginManager: Mounting plugin SkeletalReduction
LogPluginManager: Mounting plugin MagicLeap
LogPluginManager: Mounting plugin MagicLeapMedia
LogPluginManager: Mounting plugin AndroidMedia
LogPluginManager: Mounting plugin AvfMedia
LogPluginManager: Mounting plugin ImgMedia
LogPluginManager: Mounting plugin LinearTimecode
LogPluginManager: Mounting plugin MediaCompositing
LogPluginManager: Mounting plugin MediaPlayerEditor
LogPluginManager: Mounting plugin WebMMedia
LogPluginManager: Mounting plugin WmfMedia
LogPluginManager: Mounting plugin TcpMessaging
LogPluginManager: Mounting plugin UdpMessaging
LogPluginManager: Mounting plugin ActorSequence
LogPluginManager: Mounting plugin LevelSequenceEditor
LogPluginManager: Mounting plugin MatineeToLevelSequence
LogPluginManager: Mounting plugin NetcodeUnitTest
LogPluginManager: Mounting plugin NUTUnrealEngine4
LogPluginManager: Mounting plugin OnlineSubsystemGooglePlay
LogPluginManager: Mounting plugin OnlineSubsystemIOS
LogPluginManager: Mounting plugin OnlineSubsystem
LogPluginManager: Mounting plugin OnlineSubsystemNull
LogPluginManager: Mounting plugin OnlineSubsystemUtils
LogPluginManager: Mounting plugin LauncherChunkInstaller
LogPluginManager: Mounting plugin AndroidDeviceProfileSelector
LogPluginManager: Mounting plugin AndroidMoviePlayer
LogPluginManager: Mounting plugin AndroidPermission
LogPluginManager: Mounting plugin AppleMoviePlayer
LogPluginManager: Mounting plugin ArchVisCharacter
LogPluginManager: Mounting plugin AudioCapture
LogPluginManager: Mounting plugin CableComponent
LogPluginManager: Mounting plugin CustomMeshComponent
LogPluginManager: Mounting plugin EditableMesh
LogPluginManager: Mounting plugin ExampleDeviceProfileSelector
LogPluginManager: Mounting plugin Firebase
LogPluginManager: Mounting plugin GoogleCloudMessaging
LogPluginManager: Mounting plugin IOSDeviceProfileSelector
LogPluginManager: Mounting plugin LinuxDeviceProfileSelector
LogPluginManager: Mounting plugin LocationServicesBPLibrary
LogPluginManager: Mounting plugin MobilePatchingUtils
LogPluginManager: Mounting plugin OculusVR
LogPluginManager: Mounting plugin PhysXVehicles
LogPluginManager: Mounting plugin ProceduralMeshComponent
LogPluginManager: Mounting plugin RuntimePhysXCooking
LogPluginManager: Mounting plugin SignificanceManager
LogPluginManager: Mounting plugin SteamVR
LogPluginManager: Mounting plugin WebMMoviePlayer
LogPluginManager: Mounting plugin WindowsMoviePlayer
LogInit: Using libcurl 7.55.1-DEV
LogInit:  - built for x86_64-pc-win32
LogInit:  - supports SSL with OpenSSL/1.1.1
LogInit:  - supports HTTP deflate (compression) using libz 1.2.8
LogInit:  - other features:
LogInit:      CURL_VERSION_SSL
LogInit:      CURL_VERSION_LIBZ
LogInit:      CURL_VERSION_IPV6
LogInit:      CURL_VERSION_ASYNCHDNS
LogInit:      CURL_VERSION_LARGEFILE
LogInit:      CURL_VERSION_IDN
LogInit:  CurlRequestOptions (configurable via config and command line):
LogInit:  - bVerifyPeer = true  - Libcurl will verify peer certificate
LogInit:  - bUseHttpProxy = false  - Libcurl will NOT use HTTP proxy
LogInit:  - bDontReuseConnections = false  - Libcurl will reuse connections
LogInit:  - MaxHostConnections = 16  - Libcurl will limit the number of connections to a host
LogInit:  - LocalHostAddr = Default
LogInit:  - BufferSize = 65536
LogInit: WinSock: version 1.1 (2.2), MaxSocks=32767, MaxUdp=65467
LogInit: Build: ++UE4+Release-4.22-CL-6063286
LogInit: Engine Version: 4.22.1-6063286+++UE4+Release-4.22
LogInit: Compatible Engine Version: 4.22.0-5660361+++UE4+Release-4.22
LogInit: Net CL: 5660361
LogInit: OS: Windows 10 (Release 1803) (), CPU: Intel(R) Core(TM) i7-7700HQ CPU @ 2.80GHz, GPU: NVIDIA GeForce GTX 1070
LogInit: Compiled (64-bit): Apr 24 2019 04:36:48
LogInit: Compiled with Visual C++: 19.16.27025.01
LogInit: Build Configuration: Development
LogInit: Branch Name: ++UE4+Release-4.22
LogInit: Command Line:  -EpicPortal -epicusername="Mr .JoJo." -epicuserid=93ed22d7709144d78690c370b832a6e5 -epiclocale=en-US
LogInit: Base Directory: C:/Program Files/Epic Games/UE_4.22/Engine/Binaries/Win64/
LogInit: Installed Engine Build: 1
LogDevObjectVersion: Number of dev versions registered: 23
LogDevObjectVersion:   Dev-Blueprints (B0D832E4-1F89-4F0D-ACCF-7EB736FD4AA2): 10
LogDevObjectVersion:   Dev-Build (E1C64328-A22C-4D53-A36C-8E866417BD8C): 0
LogDevObjectVersion:   Dev-Core (375EC13C-06E4-48FB-B500-84F0262A717E): 3
LogDevObjectVersion:   Dev-Editor (E4B068ED-F494-42E9-A231-DA0B2E46BB41): 30
LogDevObjectVersion:   Dev-Framework (CFFC743F-43B0-4480-9391-14DF171D2073): 35
LogDevObjectVersion:   Dev-Mobile (B02B49B5-BB20-44E9-A304-32B752E40360): 2
LogDevObjectVersion:   Dev-Networking (A4E4105C-59A1-49B5-A7C5-40C4547EDFEE): 0
LogDevObjectVersion:   Dev-Online (39C831C9-5AE6-47DC-9A44-9C173E1C8E7C): 0
LogDevObjectVersion:   Dev-Physics (78F01B33-EBEA-4F98-B9B4-84EACCB95AA2): 0
LogDevObjectVersion:   Dev-Platform (6631380F-2D4D-43E0-8009-CF276956A95A): 0
LogDevObjectVersion:   Dev-Rendering (12F88B9F-8875-4AFC-A67C-D90C383ABD29): 28
LogDevObjectVersion:   Dev-Sequencer (7B5AE74C-D270-4C10-A958-57980B212A5A): 11
LogDevObjectVersion:   Dev-VR (D7296918-1DD6-4BDD-9DE2-64A83CC13884): 2
LogDevObjectVersion:   Dev-LoadTimes (C2A15278-BFE7-4AFE-6C17-90FF531DF755): 1
LogDevObjectVersion:   Private-Geometry (6EACA3D4-40EC-4CC1-B786-8BED09428FC5): 3
LogDevObjectVersion:   Dev-AnimPhys (29E575DD-E0A3-4627-9D10-D276232CDCEA): 17
LogDevObjectVersion:   Dev-Anim (AF43A65D-7FD3-4947-9873-3E8ED9C1BB05): 2
LogDevObjectVersion:   Dev-ReflectionCapture (6B266CEC-1EC7-4B8F-A30B-E4D90942FC07): 1
LogDevObjectVersion:   Dev-Automation (0DF73D61-A23F-47EA-B727-89E90C41499A): 1
LogDevObjectVersion:   FortniteMain (601D1886-AC64-4F84-AA16-D3DE0DEAC7D6): 25
LogDevObjectVersion:   Dev-Enterprise (9DFFBCD6-494F-0158-E221-12823C92A888): 6
LogDevObjectVersion:   Dev-Niagara (F2AED0AC-9AFE-416F-8664-AA7FFA26D6FC): 1
LogDevObjectVersion:   Dev-Destruction (174F1F0B-B4C6-45A5-B13F-2EE8D0FB917D): 2
LogInit: Presizing for max 16777216 objects, including 0 objects not considered by GC, pre-allocating 0 bytes for permanent pool.
LogInit: Object subsystem initialized
LogConfig: Setting CVar [[con.DebugEarlyDefault:1]]
LogConfig: Setting CVar [[r.setres:1280x720]]
[2019.06.18-01.57.04:313][  0]LogConfig: Setting CVar [[r.VSync:0]]
[2019.06.18-01.57.04:313][  0]LogConfig: Setting CVar [[r.RHICmdBypass:0]]
[2019.06.18-01.57.04:313][  0]LogConfig: Applying CVar settings from Section [/Script/Engine.RendererSettings] File [C:/Users/JPFN/Documents/Unreal Projects/GoldenEye/Saved/Config/Windows/Engine.ini]
[2019.06.18-01.57.04:314][  0]LogConfig: Setting CVar [[r.GPUCrashDebugging:0]]
[2019.06.18-01.57.04:314][  0]LogConfig: Applying CVar settings from Section [/Script/Engine.RendererOverrideSettings] File [C:/Users/JPFN/Documents/Unreal Projects/GoldenEye/Saved/Config/Windows/Engine.ini]
[2019.06.18-01.57.04:314][  0]LogConfig: Applying CVar settings from Section [/Script/Engine.StreamingSettings] File [C:/Users/JPFN/Documents/Unreal Projects/GoldenEye/Saved/Config/Windows/Engine.ini]
[2019.06.18-01.57.04:314][  0]LogConfig: Setting CVar [[s.MinBulkDataSizeForAsyncLoading:131072]]
[2019.06.18-01.57.04:314][  0]LogConfig: Setting CVar [[s.AsyncLoadingThreadEnabled:0]]
[2019.06.18-01.57.04:314][  0]LogConfig: Setting CVar [[s.EventDrivenLoaderEnabled:1]]
[2019.06.18-01.57.04:314][  0]LogConfig: Setting CVar [[s.WarnIfTimeLimitExceeded:0]]
[2019.06.18-01.57.04:314][  0]LogConfig: Setting CVar [[s.TimeLimitExceededMultiplier:1.5]]
[2019.06.18-01.57.04:314][  0]LogConfig: Setting CVar [[s.TimeLimitExceededMinTime:0.005]]
[2019.06.18-01.57.04:314][  0]LogConfig: Setting CVar [[s.UseBackgroundLevelStreaming:1]]
[2019.06.18-01.57.04:314][  0]LogConfig: Setting CVar [[s.PriorityAsyncLoadingExtraTime:15.0]]
[2019.06.18-01.57.04:314][  0]LogConfig: Setting CVar [[s.LevelStreamingActorsUpdateTimeLimit:5.0]]
[2019.06.18-01.57.04:314][  0]LogConfig: Setting CVar [[s.PriorityLevelStreamingActorsUpdateExtraTime:5.0]]
[2019.06.18-01.57.04:314][  0]LogConfig: Setting CVar [[s.LevelStreamingComponentsRegistrationGranularity:10]]
[2019.06.18-01.57.04:314][  0]LogConfig: Setting CVar [[s.UnregisterComponentsTimeLimit:1.0]]
[2019.06.18-01.57.04:314][  0]LogConfig: Setting CVar [[s.LevelStreamingComponentsUnregistrationGranularity:5]]
[2019.06.18-01.57.04:314][  0]LogConfig: Applying CVar settings from Section [/Script/Engine.GarbageCollectionSettings] File [C:/Users/JPFN/Documents/Unreal Projects/GoldenEye/Saved/Config/Windows/Engine.ini]
[2019.06.18-01.57.04:314][  0]LogConfig: Setting CVar [[gc.MaxObjectsNotConsideredByGC:1]]
[2019.06.18-01.57.04:314][  0]LogConfig: Setting CVar [[gc.SizeOfPermanentObjectPool:0]]
[2019.06.18-01.57.04:314][  0]LogConfig: Setting CVar [[gc.FlushStreamingOnGC:0]]
[2019.06.18-01.57.04:314][  0]LogConfig: Setting CVar [[gc.NumRetriesBeforeForcingGC:10]]
[2019.06.18-01.57.04:314][  0]LogConfig: Setting CVar [[gc.AllowParallelGC:1]]
[2019.06.18-01.57.04:314][  0]LogConfig: Setting CVar [[gc.TimeBetweenPurgingPendingKillObjects:61.1]]
[2019.06.18-01.57.04:314][  0]LogConfig: Setting CVar [[gc.MaxObjectsInEditor:16777216]]
[2019.06.18-01.57.04:314][  0]LogConfig: Setting CVar [[gc.IncrementalBeginDestroyEnabled:1]]
[2019.06.18-01.57.04:314][  0]LogConfig: Setting CVar [[gc.CreateGCClusters:1]]
[2019.06.18-01.57.04:314][  0]LogConfig: Setting CVar [[gc.MinGCClusterSize:5]]
[2019.06.18-01.57.04:314][  0]LogConfig: Setting CVar [[gc.ActorClusteringEnabled:0]]
[2019.06.18-01.57.04:314][  0]LogConfig: Setting CVar [[gc.BlueprintClusteringEnabled:0]]
[2019.06.18-01.57.04:314][  0]LogConfig: Setting CVar [[gc.UseDisregardForGCOnDedicatedServers:0]]
[2019.06.18-01.57.04:314][  0]LogConfig: Applying CVar settings from Section [/Script/Engine.NetworkSettings] File [C:/Users/JPFN/Documents/Unreal Projects/GoldenEye/Saved/Config/Windows/Engine.ini]
[2019.06.18-01.57.04:314][  0]LogConfig: Applying CVar settings from Section [/Script/UnrealEd.CookerSettings] File [C:/Users/JPFN/Documents/Unreal Projects/GoldenEye/Saved/Config/Windows/Engine.ini]
[2019.06.18-01.57.04:323][  0]LogConfig: Applying CVar settings from Section [ViewDistanceQuality@3] File [C:/Users/JPFN/Documents/Unreal Projects/GoldenEye/Saved/Config/Windows/Scalability.ini]
[2019.06.18-01.57.04:323][  0]LogConfig: Setting CVar [[r.SkeletalMeshLODBias:0]]
[2019.06.18-01.57.04:323][  0]LogConfig: Setting CVar [[r.ViewDistanceScale:1.0]]
[2019.06.18-01.57.04:323][  0]LogConfig: Applying CVar settings from Section [AntiAliasingQuality@3] File [C:/Users/JPFN/Documents/Unreal Projects/GoldenEye/Saved/Config/Windows/Scalability.ini]
[2019.06.18-01.57.04:323][  0]LogConfig: Setting CVar [[r.PostProcessAAQuality:4]]
[2019.06.18-01.57.04:324][  0]LogConfig: Applying CVar settings from Section [ShadowQuality@3] File [C:/Users/JPFN/Documents/Unreal Projects/GoldenEye/Saved/Config/Windows/Scalability.ini]
[2019.06.18-01.57.04:324][  0]LogConfig: Setting CVar [[r.LightFunctionQuality:1]]
[2019.06.18-01.57.04:324][  0]LogConfig: Setting CVar [[r.ShadowQuality:5]]
[2019.06.18-01.57.04:324][  0]LogConfig: Setting CVar [[r.Shadow.CSM.MaxCascades:10]]
[2019.06.18-01.57.04:324][  0]LogConfig: Setting CVar [[r.Shadow.MaxResolution:2048]]
[2019.06.18-01.57.04:324][  0]LogConfig: Setting CVar [[r.Shadow.MaxCSMResolution:2048]]
[2019.06.18-01.57.04:324][  0]LogConfig: Setting CVar [[r.Shadow.RadiusThreshold:0.01]]
[2019.06.18-01.57.04:324][  0]LogConfig: Setting CVar [[r.Shadow.DistanceScale:1.0]]
[2019.06.18-01.57.04:324][  0]LogConfig: Setting CVar [[r.Shadow.CSM.TransitionScale:1.0]]
[2019.06.18-01.57.04:324][  0]LogConfig: Setting CVar [[r.Shadow.PreShadowResolutionFactor:1.0]]
[2019.06.18-01.57.04:324][  0]LogConfig: Setting CVar [[r.DistanceFieldShadowing:1]]
[2019.06.18-01.57.04:324][  0]LogConfig: Setting CVar [[r.DistanceFieldAO:1]]
[2019.06.18-01.57.04:324][  0]LogConfig: Setting CVar [[r.AOQuality:2]]
[2019.06.18-01.57.04:324][  0]LogConfig: Setting CVar [[r.VolumetricFog:1]]
[2019.06.18-01.57.04:324][  0]LogConfig: Setting CVar [[r.VolumetricFog.GridPixelSize:8]]
[2019.06.18-01.57.04:324][  0]LogConfig: Setting CVar [[r.VolumetricFog.GridSizeZ:128]]
[2019.06.18-01.57.04:324][  0]LogConfig: Setting CVar [[r.VolumetricFog.HistoryMissSupersampleCount:4]]
[2019.06.18-01.57.04:324][  0]LogConfig: Setting CVar [[r.LightMaxDrawDistanceScale:1]]
[2019.06.18-01.57.04:324][  0]LogConfig: Setting CVar [[r.CapsuleShadows:1]]
[2019.06.18-01.57.04:324][  0]LogConfig: Applying CVar settings from Section [PostProcessQuality@3] File [C:/Users/JPFN/Documents/Unreal Projects/GoldenEye/Saved/Config/Windows/Scalability.ini]
[2019.06.18-01.57.04:324][  0]LogConfig: Setting CVar [[r.MotionBlurQuality:4]]
[2019.06.18-01.57.04:324][  0]LogConfig: Setting CVar [[r.AmbientOcclusionMipLevelFactor:0.4]]
[2019.06.18-01.57.04:324][  0]LogConfig: Setting CVar [[r.AmbientOcclusionMaxQuality:100]]
[2019.06.18-01.57.04:324][  0]LogConfig: Setting CVar [[r.AmbientOcclusionLevels:-1]]
[2019.06.18-01.57.04:324][  0]LogConfig: Setting CVar [[r.AmbientOcclusionRadiusScale:1.0]]
[2019.06.18-01.57.04:324][  0]LogConfig: Setting CVar [[r.DepthOfFieldQuality:2]]
[2019.06.18-01.57.04:324][  0]LogConfig: Setting CVar [[r.RenderTargetPoolMin:400]]
[2019.06.18-01.57.04:324][  0]LogConfig: Setting CVar [[r.LensFlareQuality:2]]
[2019.06.18-01.57.04:324][  0]LogConfig: Setting CVar [[r.SceneColorFringeQuality:1]]
[2019.06.18-01.57.04:324][  0]LogConfig: Setting CVar [[r.EyeAdaptationQuality:2]]
[2019.06.18-01.57.04:324][  0]LogConfig: Setting CVar [[r.BloomQuality:5]]
[2019.06.18-01.57.04:324][  0]LogConfig: Setting CVar [[r.FastBlurThreshold:100]]
[2019.06.18-01.57.04:324][  0]LogConfig: Setting CVar [[r.Upscale.Quality:3]]
[2019.06.18-01.57.04:324][  0]LogConfig: Setting CVar [[r.Tonemapper.GrainQuantization:1]]
[2019.06.18-01.57.04:324][  0]LogConfig: Setting CVar [[r.LightShaftQuality:1]]
[2019.06.18-01.57.04:324][  0]LogConfig: Setting CVar [[r.Filter.SizeScale:1]]
[2019.06.18-01.57.04:324][  0]LogConfig: Setting CVar [[r.Tonemapper.Quality:5]]
[2019.06.18-01.57.04:324][  0]LogConfig: Setting CVar [[r.DOF.Gather.AccumulatorQuality:1        ; higher gathering accumulator quality]]
[2019.06.18-01.57.04:324][  0]LogConfig: Setting CVar [[r.DOF.Gather.PostfilterMethod:1          ; Median3x3 postfilering method]]
[2019.06.18-01.57.04:324][  0]LogConfig: Setting CVar [[r.DOF.Gather.EnableBokehSettings:0       ; no bokeh simulation when gathering]]
[2019.06.18-01.57.04:324][  0]LogConfig: Setting CVar [[r.DOF.Gather.RingCount:4                 ; medium number of samples when gathering]]
[2019.06.18-01.57.04:324][  0]LogConfig: Setting CVar [[r.DOF.Scatter.ForegroundCompositing:1    ; additive foreground scattering]]
[2019.06.18-01.57.04:324][  0]LogConfig: Setting CVar [[r.DOF.Scatter.BackgroundCompositing:2    ; additive background scattering]]
[2019.06.18-01.57.04:324][  0]LogConfig: Setting CVar [[r.DOF.Scatter.EnableBokehSettings:1      ; bokeh simulation when scattering]]
[2019.06.18-01.57.04:324][  0]LogConfig: Setting CVar [[r.DOF.Scatter.MaxSpriteRatio:0.1         ; only a maximum of 10% of scattered bokeh]]
[2019.06.18-01.57.04:324][  0]LogConfig: Setting CVar [[r.DOF.Recombine.Quality:1                ; cheap slight out of focus]]
[2019.06.18-01.57.04:324][  0]LogConfig: Setting CVar [[r.DOF.Recombine.EnableBokehSettings:0    ; no bokeh simulation on slight out of focus]]
[2019.06.18-01.57.04:324][  0]LogConfig: Setting CVar [[r.DOF.TemporalAAQuality:1                ; more stable temporal accumulation]]
[2019.06.18-01.57.04:324][  0]LogConfig: Setting CVar [[r.DOF.Kernel.MaxForegroundRadius:0.025]]
[2019.06.18-01.57.04:324][  0]LogConfig: Setting CVar [[r.DOF.Kernel.MaxBackgroundRadius:0.025]]
[2019.06.18-01.57.04:324][  0]LogConfig: Applying CVar settings from Section [TextureQuality@3] File [C:/Users/JPFN/Documents/Unreal Projects/GoldenEye/Saved/Config/Windows/Scalability.ini]
[2019.06.18-01.57.04:324][  0]LogConfig: Setting CVar [[r.Streaming.MipBias:0]]
[2019.06.18-01.57.04:324][  0]LogConfig: Setting CVar [[r.Streaming.AmortizeCPUToGPUCopy:0]]
[2019.06.18-01.57.04:324][  0]LogConfig: Setting CVar [[r.Streaming.MaxNumTexturesToStreamPerFrame:0]]
[2019.06.18-01.57.04:324][  0]LogConfig: Setting CVar [[r.Streaming.Boost:1]]
[2019.06.18-01.57.04:324][  0]LogConfig: Setting CVar [[r.MaxAnisotropy:8]]
[2019.06.18-01.57.04:324][  0]LogConfig: Setting CVar [[r.Streaming.LimitPoolSizeToVRAM:0]]
[2019.06.18-01.57.04:324][  0]LogConfig: Setting CVar [[r.Streaming.PoolSize:1000]]
[2019.06.18-01.57.04:324][  0]LogConfig: Setting CVar [[r.Streaming.MaxEffectiveScreenSize:0]]
[2019.06.18-01.57.04:324][  0]LogConfig: Applying CVar settings from Section [EffectsQuality@3] File [C:/Users/JPFN/Documents/Unreal Projects/GoldenEye/Saved/Config/Windows/Scalability.ini]
[2019.06.18-01.57.04:324][  0]LogConfig: Setting CVar [[r.TranslucencyLightingVolumeDim:64]]
[2019.06.18-01.57.04:324][  0]LogConfig: Setting CVar [[r.RefractionQuality:2]]
[2019.06.18-01.57.04:324][  0]LogConfig: Setting CVar [[r.SSR.Quality:3]]
[2019.06.18-01.57.04:324][  0]LogConfig: Setting CVar [[r.SceneColorFormat:4]]
[2019.06.18-01.57.04:324][  0]LogConfig: Setting CVar [[r.DetailMode:2]]
[2019.06.18-01.57.04:324][  0]LogConfig: Setting CVar [[r.TranslucencyVolumeBlur:1]]
[2019.06.18-01.57.04:324][  0]LogConfig: Setting CVar [[r.MaterialQualityLevel:1 ; High quality]]
[2019.06.18-01.57.04:324][  0]LogConfig: Setting CVar [[r.SSS.Scale:1]]
[2019.06.18-01.57.04:324][  0]LogConfig: Setting CVar [[r.SSS.SampleSet:2]]
[2019.06.18-01.57.04:324][  0]LogConfig: Setting CVar [[r.SSS.Quality:1]]
[2019.06.18-01.57.04:324][  0]LogConfig: Setting CVar [[r.SSS.HalfRes:1]]
[2019.06.18-01.57.04:325][  0]LogConfig: Setting CVar [[r.EmitterSpawnRateScale:1.0]]
[2019.06.18-01.57.04:325][  0]LogConfig: Setting CVar [[r.ParticleLightQuality:2]]
[2019.06.18-01.57.04:325][  0]LogConfig: Applying CVar settings from Section [FoliageQuality@3] File [C:/Users/JPFN/Documents/Unreal Projects/GoldenEye/Saved/Config/Windows/Scalability.ini]
[2019.06.18-01.57.04:325][  0]LogConfig: Setting CVar [[foliage.DensityScale:1.0]]
[2019.06.18-01.57.04:325][  0]LogConfig: Setting CVar [[grass.DensityScale:1.0]]
[2019.06.18-01.57.04:325][  0]LogInit: Selected Device Profile: [Windows]
[2019.06.18-01.57.04:325][  0]LogInit: Applying CVar settings loaded from the selected device profile: [Windows]
[2019.06.18-01.57.04:339][  0]LogHAL: Display: Platform has ~ 16 GB [17096609792 / 17179869184 / 16], which maps to Larger [LargestMinGB=32, LargerMinGB=12, DefaultMinGB=8, SmallerMinGB=6, SmallestMinGB=0)
[2019.06.18-01.57.04:339][  0]LogConfig: Setting CVar [[r.Vulkan.UseRealUBs:0		; Required until we fix HLR fall-out]]
[2019.06.18-01.57.04:339][  0]LogInit: Going up to parent DeviceProfile []
[2019.06.18-01.57.04:339][  0]LogConfig: Applying CVar settings from Section [ViewDistanceQuality@3] File [C:/Users/JPFN/Documents/Unreal Projects/GoldenEye/Saved/Config/Windows/Scalability.ini]
[2019.06.18-01.57.04:339][  0]LogConfig: Setting CVar [[r.SkeletalMeshLODBias:0]]
[2019.06.18-01.57.04:340][  0]LogConfig: Setting CVar [[r.ViewDistanceScale:1.0]]
[2019.06.18-01.57.04:340][  0]LogConfig: Applying CVar settings from Section [AntiAliasingQuality@3] File [C:/Users/JPFN/Documents/Unreal Projects/GoldenEye/Saved/Config/Windows/Scalability.ini]
[2019.06.18-01.57.04:340][  0]LogConfig: Setting CVar [[r.PostProcessAAQuality:4]]
[2019.06.18-01.57.04:340][  0]LogConfig: Applying CVar settings from Section [ShadowQuality@3] File [C:/Users/JPFN/Documents/Unreal Projects/GoldenEye/Saved/Config/Windows/Scalability.ini]
[2019.06.18-01.57.04:340][  0]LogConfig: Setting CVar [[r.LightFunctionQuality:1]]
[2019.06.18-01.57.04:340][  0]LogConfig: Setting CVar [[r.ShadowQuality:5]]
[2019.06.18-01.57.04:340][  0]LogConfig: Setting CVar [[r.Shadow.CSM.MaxCascades:10]]
[2019.06.18-01.57.04:340][  0]LogConfig: Setting CVar [[r.Shadow.MaxResolution:2048]]
[2019.06.18-01.57.04:340][  0]LogConfig: Setting CVar [[r.Shadow.MaxCSMResolution:2048]]
[2019.06.18-01.57.04:340][  0]LogConfig: Setting CVar [[r.Shadow.RadiusThreshold:0.01]]
[2019.06.18-01.57.04:340][  0]LogConfig: Setting CVar [[r.Shadow.DistanceScale:1.0]]
[2019.06.18-01.57.04:340][  0]LogConfig: Setting CVar [[r.Shadow.CSM.TransitionScale:1.0]]
[2019.06.18-01.57.04:340][  0]LogConfig: Setting CVar [[r.Shadow.PreShadowResolutionFactor:1.0]]
[2019.06.18-01.57.04:340][  0]LogConfig: Setting CVar [[r.DistanceFieldShadowing:1]]
[2019.06.18-01.57.04:340][  0]LogConfig: Setting CVar [[r.DistanceFieldAO:1]]
[2019.06.18-01.57.04:340][  0]LogConfig: Setting CVar [[r.AOQuality:2]]
[2019.06.18-01.57.04:340][  0]LogConfig: Setting CVar [[r.VolumetricFog:1]]
[2019.06.18-01.57.04:340][  0]LogConfig: Setting CVar [[r.VolumetricFog.GridPixelSize:8]]
[2019.06.18-01.57.04:340][  0]LogConfig: Setting CVar [[r.VolumetricFog.GridSizeZ:128]]
[2019.06.18-01.57.04:340][  0]LogConfig: Setting CVar [[r.VolumetricFog.HistoryMissSupersampleCount:4]]
[2019.06.18-01.57.04:340][  0]LogConfig: Setting CVar [[r.LightMaxDrawDistanceScale:1]]
[2019.06.18-01.57.04:340][  0]LogConfig: Setting CVar [[r.CapsuleShadows:1]]
[2019.06.18-01.57.04:340][  0]LogConfig: Applying CVar settings from Section [PostProcessQuality@3] File [C:/Users/JPFN/Documents/Unreal Projects/GoldenEye/Saved/Config/Windows/Scalability.ini]
[2019.06.18-01.57.04:340][  0]LogConfig: Setting CVar [[r.MotionBlurQuality:4]]
[2019.06.18-01.57.04:340][  0]LogConfig: Setting CVar [[r.AmbientOcclusionMipLevelFactor:0.4]]
[2019.06.18-01.57.04:340][  0]LogConfig: Setting CVar [[r.AmbientOcclusionMaxQuality:100]]
[2019.06.18-01.57.04:340][  0]LogConfig: Setting CVar [[r.AmbientOcclusionLevels:-1]]
[2019.06.18-01.57.04:340][  0]LogConfig: Setting CVar [[r.AmbientOcclusionRadiusScale:1.0]]
[2019.06.18-01.57.04:340][  0]LogConfig: Setting CVar [[r.DepthOfFieldQuality:2]]
[2019.06.18-01.57.04:340][  0]LogConfig: Setting CVar [[r.RenderTargetPoolMin:400]]
[2019.06.18-01.57.04:340][  0]LogConfig: Setting CVar [[r.LensFlareQuality:2]]
[2019.06.18-01.57.04:340][  0]LogConfig: Setting CVar [[r.SceneColorFringeQuality:1]]
[2019.06.18-01.57.04:340][  0]LogConfig: Setting CVar [[r.EyeAdaptationQuality:2]]
[2019.06.18-01.57.04:340][  0]LogConfig: Setting CVar [[r.BloomQuality:5]]
[2019.06.18-01.57.04:340][  0]LogConfig: Setting CVar [[r.FastBlurThreshold:100]]
[2019.06.18-01.57.04:340][  0]LogConfig: Setting CVar [[r.Upscale.Quality:3]]
[2019.06.18-01.57.04:340][  0]LogConfig: Setting CVar [[r.Tonemapper.GrainQuantization:1]]
[2019.06.18-01.57.04:340][  0]LogConfig: Setting CVar [[r.LightShaftQuality:1]]
[2019.06.18-01.57.04:340][  0]LogConfig: Setting CVar [[r.Filter.SizeScale:1]]
[2019.06.18-01.57.04:340][  0]LogConfig: Setting CVar [[r.Tonemapper.Quality:5]]
[2019.06.18-01.57.04:340][  0]LogConfig: Setting CVar [[r.DOF.Gather.AccumulatorQuality:1        ; higher gathering accumulator quality]]
[2019.06.18-01.57.04:340][  0]LogConfig: Setting CVar [[r.DOF.Gather.PostfilterMethod:1          ; Median3x3 postfilering method]]
[2019.06.18-01.57.04:340][  0]LogConfig: Setting CVar [[r.DOF.Gather.EnableBokehSettings:0       ; no bokeh simulation when gathering]]
[2019.06.18-01.57.04:340][  0]LogConfig: Setting CVar [[r.DOF.Gather.RingCount:4                 ; medium number of samples when gathering]]
[2019.06.18-01.57.04:340][  0]LogConfig: Setting CVar [[r.DOF.Scatter.ForegroundCompositing:1    ; additive foreground scattering]]
[2019.06.18-01.57.04:340][  0]LogConfig: Setting CVar [[r.DOF.Scatter.BackgroundCompositing:2    ; additive background scattering]]
[2019.06.18-01.57.04:340][  0]LogConfig: Setting CVar [[r.DOF.Scatter.EnableBokehSettings:1      ; bokeh simulation when scattering]]
[2019.06.18-01.57.04:340][  0]LogConfig: Setting CVar [[r.DOF.Scatter.MaxSpriteRatio:0.1         ; only a maximum of 10% of scattered bokeh]]
[2019.06.18-01.57.04:340][  0]LogConfig: Setting CVar [[r.DOF.Recombine.Quality:1                ; cheap slight out of focus]]
[2019.06.18-01.57.04:341][  0]LogConfig: Setting CVar [[r.DOF.Recombine.EnableBokehSettings:0    ; no bokeh simulation on slight out of focus]]
[2019.06.18-01.57.04:341][  0]LogConfig: Setting CVar [[r.DOF.TemporalAAQuality:1                ; more stable temporal accumulation]]
[2019.06.18-01.57.04:341][  0]LogConfig: Setting CVar [[r.DOF.Kernel.MaxForegroundRadius:0.025]]
[2019.06.18-01.57.04:341][  0]LogConfig: Setting CVar [[r.DOF.Kernel.MaxBackgroundRadius:0.025]]
[2019.06.18-01.57.04:341][  0]LogConfig: Applying CVar settings from Section [TextureQuality@3] File [C:/Users/JPFN/Documents/Unreal Projects/GoldenEye/Saved/Config/Windows/Scalability.ini]
[2019.06.18-01.57.04:341][  0]LogConfig: Setting CVar [[r.Streaming.MipBias:0]]
[2019.06.18-01.57.04:341][  0]LogConfig: Setting CVar [[r.Streaming.AmortizeCPUToGPUCopy:0]]
[2019.06.18-01.57.04:341][  0]LogConfig: Setting CVar [[r.Streaming.MaxNumTexturesToStreamPerFrame:0]]
[2019.06.18-01.57.04:341][  0]LogConfig: Setting CVar [[r.Streaming.Boost:1]]
[2019.06.18-01.57.04:341][  0]LogConfig: Setting CVar [[r.MaxAnisotropy:8]]
[2019.06.18-01.57.04:341][  0]LogConfig: Setting CVar [[r.Streaming.LimitPoolSizeToVRAM:0]]
[2019.06.18-01.57.04:341][  0]LogConfig: Setting CVar [[r.Streaming.PoolSize:1000]]
[2019.06.18-01.57.04:341][  0]LogConfig: Setting CVar [[r.Streaming.MaxEffectiveScreenSize:0]]
[2019.06.18-01.57.04:341][  0]LogConfig: Applying CVar settings from Section [EffectsQuality@3] File [C:/Users/JPFN/Documents/Unreal Projects/GoldenEye/Saved/Config/Windows/Scalability.ini]
[2019.06.18-01.57.04:341][  0]LogConfig: Setting CVar [[r.TranslucencyLightingVolumeDim:64]]
[2019.06.18-01.57.04:341][  0]LogConfig: Setting CVar [[r.RefractionQuality:2]]
[2019.06.18-01.57.04:341][  0]LogConfig: Setting CVar [[r.SSR.Quality:3]]
[2019.06.18-01.57.04:341][  0]LogConfig: Setting CVar [[r.SceneColorFormat:4]]
[2019.06.18-01.57.04:341][  0]LogConfig: Setting CVar [[r.DetailMode:2]]
[2019.06.18-01.57.04:341][  0]LogConfig: Setting CVar [[r.TranslucencyVolumeBlur:1]]
[2019.06.18-01.57.04:341][  0]LogConfig: Setting CVar [[r.MaterialQualityLevel:1 ; High quality]]
[2019.06.18-01.57.04:341][  0]LogConfig: Setting CVar [[r.SSS.Scale:1]]
[2019.06.18-01.57.04:341][  0]LogConfig: Setting CVar [[r.SSS.SampleSet:2]]
[2019.06.18-01.57.04:341][  0]LogConfig: Setting CVar [[r.SSS.Quality:1]]
[2019.06.18-01.57.04:341][  0]LogConfig: Setting CVar [[r.SSS.HalfRes:1]]
[2019.06.18-01.57.04:341][  0]LogConfig: Setting CVar [[r.EmitterSpawnRateScale:1.0]]
[2019.06.18-01.57.04:341][  0]LogConfig: Setting CVar [[r.ParticleLightQuality:2]]
[2019.06.18-01.57.04:341][  0]LogConfig: Applying CVar settings from Section [FoliageQuality@3] File [C:/Users/JPFN/Documents/Unreal Projects/GoldenEye/Saved/Config/Windows/Scalability.ini]
[2019.06.18-01.57.04:341][  0]LogConfig: Setting CVar [[foliage.DensityScale:1.0]]
[2019.06.18-01.57.04:341][  0]LogConfig: Setting CVar [[grass.DensityScale:1.0]]
[2019.06.18-01.57.04:341][  0]LogConfig: Applying CVar settings from Section [Startup] File [../../../Engine/Config/ConsoleVariables.ini]
[2019.06.18-01.57.04:342][  0]LogConfig: Setting CVar [[net.UseAdaptiveNetUpdateFrequency:0]]
[2019.06.18-01.57.04:342][  0]LogConfig: Setting CVar [[p.chaos.AllowCreatePhysxBodies:1]]
[2019.06.18-01.57.04:342][  0]LogConfig: Applying CVar settings from Section [ConsoleVariables] File [C:/Users/JPFN/Documents/Unreal Projects/GoldenEye/Saved/Config/Windows/Engine.ini]
[2019.06.18-01.57.04:342][  0]LogInit: Computer: TITANIUM
[2019.06.18-01.57.04:342][  0]LogInit: User: JPFN
[2019.06.18-01.57.04:342][  0]LogInit: CPU Page size=4096, Cores=4
[2019.06.18-01.57.04:342][  0]LogInit: High frequency timer resolution =10.000000 MHz
[2019.06.18-01.57.04:342][  0]LogMemory: Memory total: Physical=15.9GB (16GB approx)
[2019.06.18-01.57.04:342][  0]LogMemory: Platform Memory Stats for Windows
[2019.06.18-01.57.04:342][  0]LogMemory: Process Physical Memory: 99.10 MB used, 99.10 MB peak
[2019.06.18-01.57.04:342][  0]LogMemory: Process Virtual Memory: 89.29 MB used, 89.29 MB peak
[2019.06.18-01.57.04:342][  0]LogMemory: Physical Memory: 7093.10 MB used,  9211.50 MB free, 16304.60 MB total
[2019.06.18-01.57.04:342][  0]LogMemory: Virtual Memory: 4645.81 MB used,  134213080.00 MB free, 134217728.00 MB total
[2019.06.18-01.57.04:386][  0]LogInit: Using OS detected language (en-US).
[2019.06.18-01.57.04:386][  0]LogInit: Using OS detected locale (en-US).
[2019.06.18-01.57.04:388][  0]LogTextLocalizationManager: No specific localization for 'en-US' exists, so the 'en' localization will be used.
[2019.06.18-01.57.04:641][  0]LogInit: Setting process to per monitor DPI aware
[2019.06.18-01.57.04:706][  0]LogSlate: New Slate User Created.  User Index 0, Is Virtual User: 0
[2019.06.18-01.57.04:706][  0]LogSlate: Slate User Registered.  User Index 0, Is Virtual User: 0
[2019.06.18-01.57.05:027][  0]LogHMD: Failed to initialize OpenVR with code 110
[2019.06.18-01.57.05:027][  0]LogD3D11RHI: D3D11 adapters:
[2019.06.18-01.57.05:131][  0]LogD3D11RHI:    0. 'NVIDIA GeForce GTX 1070' (Feature Level 11_0)
[2019.06.18-01.57.05:131][  0]LogD3D11RHI:       8081/0/8152 MB DedicatedVideo/DedicatedSystem/SharedSystem, Outputs:2, VendorId:0x10de
[2019.06.18-01.57.05:159][  0]LogD3D11RHI:    1. 'Intel(R) HD Graphics 630' (Feature Level 11_0)
[2019.06.18-01.57.05:159][  0]LogD3D11RHI:       128/0/8152 MB DedicatedVideo/DedicatedSystem/SharedSystem, Outputs:0, VendorId:0x8086
[2019.06.18-01.57.05:162][  0]LogD3D11RHI:    2. 'Microsoft Basic Render Driver' (Feature Level 11_0)
[2019.06.18-01.57.05:162][  0]LogD3D11RHI:       0/0/8152 MB DedicatedVideo/DedicatedSystem/SharedSystem, Outputs:0, VendorId:0x1414
[2019.06.18-01.57.05:162][  0]LogD3D11RHI: Chosen D3D11 Adapter: 0
[2019.06.18-01.57.05:173][  0]LogD3D11RHI: Creating new Direct3DDevice
[2019.06.18-01.57.05:173][  0]LogD3D11RHI:     GPU DeviceId: 0x1ba1 (for the marketing name, search the web for "GPU Device Id")
[2019.06.18-01.57.05:173][  0]LogWindows: EnumDisplayDevices:
[2019.06.18-01.57.05:173][  0]LogWindows:    0. 'NVIDIA GeForce GTX 1070' (P:1 D:1)
[2019.06.18-01.57.05:174][  0]LogWindows:    1. 'NVIDIA GeForce GTX 1070' (P:0 D:1)
[2019.06.18-01.57.05:174][  0]LogWindows:    2. 'NVIDIA GeForce GTX 1070' (P:0 D:0)
[2019.06.18-01.57.05:175][  0]LogWindows:    3. 'NVIDIA GeForce GTX 1070' (P:0 D:0)
[2019.06.18-01.57.05:175][  0]LogWindows:    4. 'Intel(R) HD Graphics 630' (P:0 D:0)
[2019.06.18-01.57.05:175][  0]LogWindows:    5. 'Intel(R) HD Graphics 630' (P:0 D:0)
[2019.06.18-01.57.05:176][  0]LogWindows: DebugString: PrimaryIsNotTheChoosenAdapter PrimaryIsNotTheChoosenAdapter FoundDriverCount:4 
[2019.06.18-01.57.05:176][  0]LogD3D11RHI:     Adapter Name: NVIDIA GeForce GTX 1070
[2019.06.18-01.57.05:176][  0]LogD3D11RHI:   Driver Version: 425.25 (internal:25.21.14.2525, unified:425.25)
[2019.06.18-01.57.05:176][  0]LogD3D11RHI:      Driver Date: 4-6-2019
[2019.06.18-01.57.05:176][  0]LogRHI: Texture pool is 5656 MB (70% of 8081 MB)
[2019.06.18-01.57.05:228][  0]LogD3D11RHI: Async texture creation enabled
[2019.06.18-01.57.05:242][  0]LogRendererCore: FGlobalReadBuffer::InitRHI
[2019.06.18-01.57.05:242][  0]LogRendererCore: FGlobalReadBuffer::InitRHI
[2019.06.18-01.57.05:242][  0]LogRendererCore: FGlobalReadBuffer::InitRHI
[2019.06.18-01.57.05:251][  0]LogD3D11RHI: GPU Timing Frequency: 1000.000000 (Debug: 2 1)
[2019.06.18-01.57.05:910][  0]LogTemp: Display: Module 'AllDesktopTargetPlatform' loaded TargetPlatform 'AllDesktop'
[2019.06.18-01.57.05:930][  0]LogTemp: Display: Module 'MacClientTargetPlatform' loaded TargetPlatform 'MacClient'
[2019.06.18-01.57.05:955][  0]LogTemp: Display: Module 'MacNoEditorTargetPlatform' loaded TargetPlatform 'MacNoEditor'
[2019.06.18-01.57.05:978][  0]LogTemp: Display: Module 'MacServerTargetPlatform' loaded TargetPlatform 'MacServer'
[2019.06.18-01.57.06:001][  0]LogTemp: Display: Module 'MacTargetPlatform' loaded TargetPlatform 'Mac'
[2019.06.18-01.57.06:026][  0]LogTemp: Display: Module 'WindowsClientTargetPlatform' loaded TargetPlatform 'WindowsClient'
[2019.06.18-01.57.06:049][  0]LogTemp: Display: Module 'WindowsNoEditorTargetPlatform' loaded TargetPlatform 'WindowsNoEditor'
[2019.06.18-01.57.06:070][  0]LogTemp: Display: Module 'WindowsServerTargetPlatform' loaded TargetPlatform 'WindowsServer'
[2019.06.18-01.57.06:079][  0]LogTemp: Display: Module 'WindowsTargetPlatform' loaded TargetPlatform 'Windows'
[2019.06.18-01.57.06:223][  0]LogTemp: Display: Module 'AndroidTargetPlatform' loaded TargetPlatform 'Android'
[2019.06.18-01.57.06:223][  0]LogTemp: Display: Module 'AndroidTargetPlatform' loaded TargetPlatform 'Android_ASTC'
[2019.06.18-01.57.06:223][  0]LogTemp: Display: Module 'AndroidTargetPlatform' loaded TargetPlatform 'Android_ATC'
[2019.06.18-01.57.06:223][  0]LogTemp: Display: Module 'AndroidTargetPlatform' loaded TargetPlatform 'Android_DXT'
[2019.06.18-01.57.06:223][  0]LogTemp: Display: Module 'AndroidTargetPlatform' loaded TargetPlatform 'Android_ETC1'
[2019.06.18-01.57.06:223][  0]LogTemp: Display: Module 'AndroidTargetPlatform' loaded TargetPlatform 'Android_ETC1a'
[2019.06.18-01.57.06:223][  0]LogTemp: Display: Module 'AndroidTargetPlatform' loaded TargetPlatform 'Android_ETC2'
[2019.06.18-01.57.06:223][  0]LogTemp: Display: Module 'AndroidTargetPlatform' loaded TargetPlatform 'Android_PVRTC'
[2019.06.18-01.57.06:223][  0]LogTemp: Display: Module 'AndroidTargetPlatform' loaded TargetPlatform 'AndroidClient'
[2019.06.18-01.57.06:223][  0]LogTemp: Display: Module 'AndroidTargetPlatform' loaded TargetPlatform 'Android_ASTCClient'
[2019.06.18-01.57.06:223][  0]LogTemp: Display: Module 'AndroidTargetPlatform' loaded TargetPlatform 'Android_ATCClient'
[2019.06.18-01.57.06:223][  0]LogTemp: Display: Module 'AndroidTargetPlatform' loaded TargetPlatform 'Android_DXTClient'
[2019.06.18-01.57.06:223][  0]LogTemp: Display: Module 'AndroidTargetPlatform' loaded TargetPlatform 'Android_ETC1Client'
[2019.06.18-01.57.06:223][  0]LogTemp: Display: Module 'AndroidTargetPlatform' loaded TargetPlatform 'Android_ETC1aClient'
[2019.06.18-01.57.06:223][  0]LogTemp: Display: Module 'AndroidTargetPlatform' loaded TargetPlatform 'Android_ETC2Client'
[2019.06.18-01.57.06:223][  0]LogTemp: Display: Module 'AndroidTargetPlatform' loaded TargetPlatform 'Android_PVRTCClient'
[2019.06.18-01.57.06:223][  0]LogTemp: Display: Module 'AndroidTargetPlatform' loaded TargetPlatform 'Android_Multi'
[2019.06.18-01.57.06:223][  0]LogTemp: Display: Module 'AndroidTargetPlatform' loaded TargetPlatform 'Android_MultiClient'
[2019.06.18-01.57.06:226][  0]LogTemp: Display: Module 'HTML5TargetPlatform' loaded TargetPlatform 'HTML5'
[2019.06.18-01.57.06:297][  0]LogTemp: Display: Module 'IOSTargetPlatform' loaded TargetPlatform 'IOSClient'
[2019.06.18-01.57.06:297][  0]LogTemp: Display: Module 'IOSTargetPlatform' loaded TargetPlatform 'IOS'
[2019.06.18-01.57.06:337][  0]LogTemp: Display: Module 'TVOSTargetPlatform' loaded TargetPlatform 'TVOSClient'
[2019.06.18-01.57.06:337][  0]LogTemp: Display: Module 'TVOSTargetPlatform' loaded TargetPlatform 'TVOS'
[2019.06.18-01.57.06:358][  0]LogTemp: Display: Module 'LinuxClientTargetPlatform' loaded TargetPlatform 'LinuxClient'
[2019.06.18-01.57.06:377][  0]LogTemp: Display: Module 'LinuxNoEditorTargetPlatform' loaded TargetPlatform 'LinuxNoEditor'
[2019.06.18-01.57.06:399][  0]LogTemp: Display: Module 'LinuxServerTargetPlatform' loaded TargetPlatform 'LinuxServer'
[2019.06.18-01.57.06:422][  0]LogTemp: Display: Module 'LinuxTargetPlatform' loaded TargetPlatform 'Linux'
[2019.06.18-01.57.06:494][  0]LogTemp: Display: Module 'LuminTargetPlatform' loaded TargetPlatform 'Lumin'
[2019.06.18-01.57.06:494][  0]LogTemp: Display: Module 'LuminTargetPlatform' loaded TargetPlatform 'LuminClient'
[2019.06.18-01.57.06:494][  0]LogTargetPlatformManager: Display: Building Assets For Windows
[2019.06.18-01.57.06:511][  0]LogAudioDebug: Display: Lib vorbis DLL was dynamically loaded.
[2019.06.18-01.57.06:606][  0]LogShaderCompilers: Guid format shader working directory is -19 characters bigger than the processId version (../../../../../../Users/JPFN/Documents/Unreal Projects/GoldenEye/Intermediate/Shaders/WorkingDirectory/7288/).
[2019.06.18-01.57.06:607][  0]LogShaderCompilers: Cleaned the shader compiler working directory 'C:/Users/JPFN/AppData/Local/Temp/UnrealShaderWorkingDir/1D33159B4977168AD157DF80597F402A/'.
[2019.06.18-01.57.06:612][  0]LogXGEController: Cannot use XGE Controller as Incredibuild is not installed on this machine.
[2019.06.18-01.57.06:612][  0]LogShaderCompilers: Cannot use XGE Shader Compiler as Incredibuild is not installed on this machine.
[2019.06.18-01.57.06:612][  0]LogShaderCompilers: Display: Using Local Shader Compiler.
[2019.06.18-01.57.07:315][  0]LogDerivedDataCache: Display: Max Cache Size: 512 MB
[2019.06.18-01.57.07:382][  0]LogDerivedDataCache: Loaded boot cache 0.07s 71MB C:/Users/JPFN/AppData/Local/UnrealEngine/4.22/DerivedDataCache/Boot.ddc.
[2019.06.18-01.57.07:382][  0]LogDerivedDataCache: Display: Loaded Boot cache: C:/Users/JPFN/AppData/Local/UnrealEngine/4.22/DerivedDataCache/Boot.ddc
[2019.06.18-01.57.07:383][  0]LogDerivedDataCache: FDerivedDataBackendGraph:  Pak pak cache file ../../../../../../Users/JPFN/Documents/Unreal Projects/GoldenEye/DerivedDataCache/DDC.ddp not found, will not use a pak cache.
[2019.06.18-01.57.07:383][  0]LogDerivedDataCache: Unable to find inner node Pak for hierarchical cache Hierarchy.
[2019.06.18-01.57.07:383][  0]LogDerivedDataCache: FDerivedDataBackendGraph:  CompressedPak pak cache file ../../../../../../Users/JPFN/Documents/Unreal Projects/GoldenEye/DerivedDataCache/Compressed.ddp not found, will not use a pak cache.
[2019.06.18-01.57.07:383][  0]LogDerivedDataCache: Unable to find inner node CompressedPak for hierarchical cache Hierarchy.
[2019.06.18-01.57.07:399][  0]LogDerivedDataCache: Display: Pak cache opened for reading ../../../Engine/DerivedDataCache/Compressed.ddp.
[2019.06.18-01.57.07:399][  0]LogDerivedDataCache: FDerivedDataBackendGraph:  EnterprisePak pak cache file ../../../Enterprise/DerivedDataCache/Compressed.ddp not found, will not use a pak cache.
[2019.06.18-01.57.07:399][  0]LogDerivedDataCache: Unable to find inner node EnterprisePak for hierarchical cache Hierarchy.
[2019.06.18-01.57.07:412][  0]LogDerivedDataCache: Using Local data cache path C:/Users/JPFN/AppData/Local/UnrealEngine/Common/DerivedDataCache: Writable
[2019.06.18-01.57.07:412][  0]LogDerivedDataCache: Shared data cache path not found in *engine.ini, will not use an Shared cache.
[2019.06.18-01.57.07:412][  0]LogDerivedDataCache: Unable to find inner node Shared for hierarchical cache Hierarchy.
[2019.06.18-01.57.07:438][  0]LogMaterial: Verifying Global Shaders for PCD3D_SM5
[2019.06.18-01.57.07:440][  0]LogSlate: Using FreeType 2.6.0
[2019.06.18-01.57.07:440][  0]LogSlate: SlateFontServices - WITH_FREETYPE: 1, WITH_HARFBUZZ: 1
[2019.06.18-01.57.07:559][  0]LogAssetRegistry: FAssetRegistry took 0.0350 seconds to start up
[2019.06.18-01.57.08:045][  0]LogInit: Selected Device Profile: [Windows]
[2019.06.18-01.57.08:122][  0]LogMeshReduction: Using QuadricMeshReduction for automatic static mesh reduction
[2019.06.18-01.57.08:122][  0]LogMeshReduction: Using SimplygonMeshReduction for automatic skeletal mesh reduction
[2019.06.18-01.57.08:122][  0]LogMeshReduction: Using ProxyLODMeshReduction for automatic mesh merging
[2019.06.18-01.57.08:122][  0]LogMeshReduction: No distributed automatic mesh merging module available
[2019.06.18-01.57.08:122][  0]LogMeshMerging: No distributed automatic mesh merging module available
[2019.06.18-01.57.08:241][  0]LogNetVersion: GoldenEye 1.0.0, NetCL: 5660361, EngineNetVer: 10, GameNetVer: 0 (Checksum: 3242988762)
[2019.06.18-01.57.08:849][  0]LogPackageLocalizationCache: Processed 10 localized package path(s) for 1 prioritized culture(s) in 0.054354 seconds
[2019.06.18-01.57.08:859][  0]LogUObjectArray: 42205 objects as part of root set at end of initial load.
[2019.06.18-01.57.08:859][  0]LogUObjectAllocator: 7325032 out of 0 bytes used by permanent object pool.
[2019.06.18-01.57.08:859][  0]LogUObjectArray: CloseDisregardForGC: 0/0 objects in disregard for GC pool
[2019.06.18-01.57.10:079][  0]LogTcpMessaging: Initializing TcpMessaging bridge
[2019.06.18-01.57.10:094][  0]LogUdpMessaging: Initializing bridge on interface 0.0.0.0:0 to multicast group 230.0.0.1:6666.
[2019.06.18-01.57.10:220][  0]SourceControl: Source control is disabled
[2019.06.18-01.57.10:220][  0]SourceControl: Source control is disabled
[2019.06.18-01.57.10:222][  0]SourceControl: Source control is disabled
[2019.06.18-01.57.10:224][  0]SourceControl: Source control is disabled
[2019.06.18-01.57.10:347][  0]LogAndroidPermission: UAndroidPermissionCallbackProxy::GetInstance
[2019.06.18-01.57.10:605][  0]LogOcInput: OculusInput pre-init called
[2019.06.18-01.57.11:584][  0]LogEngine: Initializing Engine...
[2019.06.18-01.57.11:586][  0]LogHMD: Failed to initialize OpenVR with code 110
[2019.06.18-01.57.11:587][  0]LogStats: UGameplayTagsManager::InitializeManager -  0.000 s
[2019.06.18-01.57.11:911][  0]LogInit: Initializing FReadOnlyCVARCache
[2019.06.18-01.57.11:936][  0]LogAIModule: Creating AISystem for world Untitled
[2019.06.18-01.57.12:051][  0]LogInit: XAudio2 using 'Headset Earphone (Razer Kraken 7.1 V2)' : 2 channels at 48 kHz using 16 bits per sample (channel mask 0x3)
[2019.06.18-01.57.12:117][  0]LogInit: FAudioDevice initialized.
[2019.06.18-01.57.12:117][  0]LogNetVersion: Set ProjectVersion to 1.0.0.0. Version Checksum will be recalculated on next use.
[2019.06.18-01.57.12:279][  0]LogDerivedDataCache: Saved boot cache 0.16s 71MB C:/Users/JPFN/AppData/Local/UnrealEngine/4.22/DerivedDataCache/Boot.ddc.
[2019.06.18-01.57.12:285][  0]LogInit: Texture streaming: Enabled
[2019.06.18-01.57.12:326][  0]LogEngineSessionManager: EngineSessionManager initialized
[2019.06.18-01.57.12:364][  0]LogInit: Transaction tracking system initialized
[2019.06.18-01.57.12:409][  0]BlueprintLog: New page: Editor Load
[2019.06.18-01.57.12:571][  0]LocalizationService: Localization service is disabled
[2019.06.18-01.57.12:982][  0]LogCook: Display: Max memory allowance for cook 16384mb min free memory 0mb
[2019.06.18-01.57.12:982][  0]LogCook: Display: Mobile HDR setting 1
[2019.06.18-01.57.13:272][  0]LogFileCache: Scanning file cache for directory 'C:/Users/JPFN/Documents/Unreal Projects/GoldenEye/Content/' took 0.16s
[2019.06.18-01.57.13:272][  0]SourceControl: Source control is disabled
[2019.06.18-01.57.13:272][  0]Cmd: MAP LOAD FILE="../../../../../../Users/JPFN/Documents/Unreal Projects/GoldenEye/Content/ThirdPersonBP/Maps/ThirdPersonExampleMap.umap" TEMPLATE=0 SHOWPROGRESS=1 FEATURELEVEL=3
[2019.06.18-01.57.13:273][  0]LightingResults: New page: Lighting Build
[2019.06.18-01.57.13:279][  0]MapCheck: New page: Map Check
[2019.06.18-01.57.13:279][  0]LightingResults: New page: Lighting Build
[2019.06.18-01.57.13:309][  0]LogUObjectHash: Compacting FUObjectHashTables data took   2.01ms
[2019.06.18-01.57.14:427][  0]LogAIModule: Creating AISystem for world ThirdPersonExampleMap
[2019.06.18-01.57.14:526][  0]LogEditorServer: Finished looking for orphan Actors (0.000 secs)
[2019.06.18-01.57.14:555][  0]LogUObjectHash: Compacting FUObjectHashTables data took   2.43ms
[2019.06.18-01.57.14:555][  0]Cmd: MAP CHECKDEP NOCLEARLOG
[2019.06.18-01.57.14:556][  0]MapCheck: Map check complete: 0 Error(s), 0 Warning(s), took 0.229ms to complete.
[2019.06.18-01.57.14:556][  0]LogFileHelpers: Loading map 'ThirdPersonExampleMap' took 1.283
[2019.06.18-01.57.14:717][  0]LogSlate: Updating window title bar state: overlay mode, drag disabled, window buttons hidden, title bar hidden
[2019.06.18-01.57.14:727][  0]LogSlate: Updating window title bar state: overlay mode, drag disabled, window buttons hidden, title bar hidden
[2019.06.18-01.57.14:738][  0]LogSlate: Updating window title bar state: overlay mode, drag disabled, window buttons hidden, title bar hidden
[2019.06.18-01.57.14:748][  0]LogSlate: Updating window title bar state: overlay mode, drag disabled, window buttons hidden, title bar hidden
[2019.06.18-01.57.14:766][  0]LogCollectionManager: Loaded 0 collections in 0.003544 seconds
[2019.06.18-01.57.14:824][  0]LogFileCache: Scanning file cache for directory 'C:/Users/JPFN/Documents/Unreal Projects/GoldenEye/Saved/Collections/' took 0.01s
[2019.06.18-01.57.14:824][  0]LogFileCache: Scanning file cache for directory 'C:/Users/JPFN/Documents/Unreal Projects/GoldenEye/Content/Developers/JPFN/Collections/' took 0.01s
[2019.06.18-01.57.14:824][  0]LogFileCache: Scanning file cache for directory 'C:/Users/JPFN/Documents/Unreal Projects/GoldenEye/Content/Collections/' took 0.01s
[2019.06.18-01.57.14:824][  0]LogCollectionManager: Rebuilt the GUID cache for 0 collections in 0.000001 seconds
[2019.06.18-01.57.14:839][  0]LogContentBrowser: Native class hierarchy populated in 0.0134 seconds. Added 2732 classes and 659 folders.
[2019.06.18-01.57.14:856][  0]LogContentBrowser: Native class hierarchy updated for 'WidgetCarousel' in 0.0003 seconds. Added 0 classes and 0 folders.
[2019.06.18-01.57.14:862][  0]LogPakFile: Registered encryption key '00000000000000000000000000000000': 0 pak files mounted, 0 remain pending
[2019.06.18-01.57.14:865][  0]LogPakFile: Registered encryption key '00000000000000000000000000000000': 0 pak files mounted, 0 remain pending
[2019.06.18-01.57.14:868][  0]LogPakFile: Registered encryption key '00000000000000000000000000000000': 0 pak files mounted, 0 remain pending
[2019.06.18-01.57.14:870][  0]LogPakFile: Registered encryption key '00000000000000000000000000000000': 0 pak files mounted, 0 remain pending
[2019.06.18-01.57.14:872][  0]LogPakFile: Registered encryption key '00000000000000000000000000000000': 0 pak files mounted, 0 remain pending
[2019.06.18-01.57.14:874][  0]LogPakFile: Registered encryption key '00000000000000000000000000000000': 0 pak files mounted, 0 remain pending
[2019.06.18-01.57.14:876][  0]LogPakFile: Registered encryption key '00000000000000000000000000000000': 0 pak files mounted, 0 remain pending
[2019.06.18-01.57.14:879][  0]LogPakFile: Registered encryption key '00000000000000000000000000000000': 0 pak files mounted, 0 remain pending
[2019.06.18-01.57.14:881][  0]LogPakFile: Registered encryption key '00000000000000000000000000000000': 0 pak files mounted, 0 remain pending
[2019.06.18-01.57.14:883][  0]LogPakFile: Registered encryption key '00000000000000000000000000000000': 0 pak files mounted, 0 remain pending
[2019.06.18-01.57.14:885][  0]LogPakFile: Registered encryption key '00000000000000000000000000000000': 0 pak files mounted, 0 remain pending
[2019.06.18-01.57.14:887][  0]LogPakFile: Registered encryption key '00000000000000000000000000000000': 0 pak files mounted, 0 remain pending
[2019.06.18-01.57.14:889][  0]LogPakFile: Registered encryption key '00000000000000000000000000000000': 0 pak files mounted, 0 remain pending
[2019.06.18-01.57.14:891][  0]LogPakFile: Registered encryption key '00000000000000000000000000000000': 0 pak files mounted, 0 remain pending
[2019.06.18-01.57.14:893][  0]LogPakFile: Registered encryption key '00000000000000000000000000000000': 0 pak files mounted, 0 remain pending
[2019.06.18-01.57.14:895][  0]LogPakFile: Registered encryption key '00000000000000000000000000000000': 0 pak files mounted, 0 remain pending
[2019.06.18-01.57.14:897][  0]LogPakFile: Registered encryption key '00000000000000000000000000000000': 0 pak files mounted, 0 remain pending
[2019.06.18-01.57.14:899][  0]LogPakFile: Registered encryption key '00000000000000000000000000000000': 0 pak files mounted, 0 remain pending
[2019.06.18-01.57.14:901][  0]LogPakFile: Registered encryption key '00000000000000000000000000000000': 0 pak files mounted, 0 remain pending
[2019.06.18-01.57.14:903][  0]LogPakFile: Registered encryption key '00000000000000000000000000000000': 0 pak files mounted, 0 remain pending
[2019.06.18-01.57.14:906][  0]LogPakFile: Registered encryption key '00000000000000000000000000000000': 0 pak files mounted, 0 remain pending
[2019.06.18-01.57.14:908][  0]LogPakFile: Registered encryption key '00000000000000000000000000000000': 0 pak files mounted, 0 remain pending
[2019.06.18-01.57.14:910][  0]LogPakFile: Registered encryption key '00000000000000000000000000000000': 0 pak files mounted, 0 remain pending
[2019.06.18-01.57.14:912][  0]LogPakFile: Registered encryption key '00000000000000000000000000000000': 0 pak files mounted, 0 remain pending
[2019.06.18-01.57.14:915][  0]LogPakFile: Registered encryption key '00000000000000000000000000000000': 0 pak files mounted, 0 remain pending
[2019.06.18-01.57.14:917][  0]LogPakFile: Registered encryption key '00000000000000000000000000000000': 0 pak files mounted, 0 remain pending
[2019.06.18-01.57.15:033][  0]LogContentBrowser: Native class hierarchy updated for 'AddContentDialog' in 0.0003 seconds. Added 0 classes and 0 folders.
[2019.06.18-01.57.15:060][  0]LogContentBrowser: Native class hierarchy updated for 'SceneOutliner' in 0.0003 seconds. Added 1 classes and 2 folders.
[2019.06.18-01.57.15:121][  0]LogSlate: Took 0.000402 seconds to synchronously load lazily loaded font '../../../Engine/Content/Slate/Fonts/Roboto-Regular.ttf' (155K)
[2019.06.18-01.57.15:125][  0]LogSlate: Took 0.000268 seconds to synchronously load lazily loaded font '../../../Engine/Content/Slate/Fonts/Roboto-Bold.ttf' (160K)
[2019.06.18-01.57.15:133][  0]LogSlate: Took 0.000966 seconds to synchronously load lazily loaded font '../../../Engine/Content/Editor/Slate/Fonts/FontAwesome.ttf' (139K)
[2019.06.18-01.57.15:231][  0]LogRenderer: Reallocating scene render targets to support 1208x572 Format 10 NumSamples 1 (Frame:1).
[2019.06.18-01.57.15:454][  0]LogContentBrowser: Native class hierarchy updated for 'HierarchicalLODOutliner' in 0.0003 seconds. Added 0 classes and 0 folders.
[2019.06.18-01.57.15:455][  0]LogLoad: (Engine Initialization) Total time: 14.66 seconds
[2019.06.18-01.57.15:455][  0]LogLoad: (Engine Initialization) Total Blueprint compile time: 0.00 seconds
[2019.06.18-01.57.15:475][  0]LogWindowsTextInputMethodSystem: Display: IME system now deactivated.
[2019.06.18-01.57.15:549][  0]LogContentStreaming: Texture pool size now 1000 MB
[2019.06.18-01.57.15:597][  0]LogSlate: Took 0.001464 seconds to synchronously load lazily loaded font '../../../Engine/Content/Slate/Fonts/Roboto-Light.ttf' (167K)
[2019.06.18-01.57.15:695][  1]LogAssetRegistry: Asset discovery search completed in 8.1589 seconds
[2019.06.18-01.57.15:698][  1]LogCollectionManager: Rebuilt the object cache for 0 collections in 0.000000 seconds (found 0 objects)
[2019.06.18-01.57.15:698][  1]LogCollectionManager: Fixed up redirectors for 0 collections in 0.000075 seconds (updated 0 objects)
[2019.06.18-01.57.16:566][ 26]LogSlate: Took 0.000255 seconds to synchronously load lazily loaded font '../../../Engine/Content/Slate/Fonts/Roboto-Light.ttf' (167K)
[2019.06.18-01.57.20:638][240]LogFileCache: Retrieving MD5 hashes for directory 'C:/Users/JPFN/Documents/Unreal Projects/GoldenEye/Content/' took 5.15s
[2019.06.18-02.04.39:398][231]LogSlate: FSceneViewport::OnFocusLost() reason 0
[2019.06.18-02.04.41:258][330]LogTemp: Repeating last play command: Selected Viewport
[2019.06.18-02.04.41:272][330]LogBlueprintUserMessages: Early PlayInEditor Detection: Level '/Game/ThirdPersonBP/Maps/ThirdPersonExampleMap.ThirdPersonExampleMap:PersistentLevel' has LevelScriptBlueprint '/Game/ThirdPersonBP/Maps/ThirdPersonExampleMap.ThirdPersonExampleMap:PersistentLevel.ThirdPersonExampleMap' with GeneratedClass '/Game/ThirdPersonBP/Maps/ThirdPersonExampleMap.ThirdPersonExampleMap_C' with ClassGeneratedBy '/Game/ThirdPersonBP/Maps/ThirdPersonExampleMap.ThirdPersonExampleMap:PersistentLevel.ThirdPersonExampleMap'
[2019.06.18-02.04.41:273][330]LogPlayLevel: PlayLevel: No blueprints needed recompiling
[2019.06.18-02.04.41:273][330]PIE: New page: PIE session: ThirdPersonExampleMap (Jun 17, 2019, 8:04:41 PM)
[2019.06.18-02.04.41:287][330]LogPlayLevel: Creating play world package: /Game/ThirdPersonBP/Maps/UEDPIE_0_ThirdPersonExampleMap
[2019.06.18-02.04.41:310][330]LogPlayLevel: PIE: StaticDuplicateObject took: (0.023513s)
[2019.06.18-02.04.41:312][330]LogAIModule: Creating AISystem for world ThirdPersonExampleMap
[2019.06.18-02.04.41:313][330]LogPlayLevel: PIE: World Init took: (0.002116s)
[2019.06.18-02.04.41:313][330]LogPlayLevel: PIE: Created PIE world by copying editor world from /Game/ThirdPersonBP/Maps/ThirdPersonExampleMap.ThirdPersonExampleMap to /Game/ThirdPersonBP/Maps/UEDPIE_0_ThirdPersonExampleMap.ThirdPersonExampleMap (0.026322s)
[2019.06.18-02.04.41:342][330]LogUObjectHash: Compacting FUObjectHashTables data took   1.25ms
[2019.06.18-02.04.41:378][330]LogInit: XAudio2 using 'Headset Earphone (Razer Kraken 7.1 V2)' : 2 channels at 48 kHz using 16 bits per sample (channel mask 0x3)
[2019.06.18-02.04.41:396][330]LogInit: FAudioDevice initialized.
[2019.06.18-02.04.41:450][330]LogLoad: Game class is 'ThirdPersonGameMode_C'
[2019.06.18-02.04.41:455][330]LogWorld: Bringing World /Game/ThirdPersonBP/Maps/UEDPIE_0_ThirdPersonExampleMap.ThirdPersonExampleMap up for play (max tick rate 60) at 2019.06.17-23.04.41
[2019.06.18-02.04.41:460][330]LogWorld: Bringing up level for play took: 0.007501
[2019.06.18-02.04.41:484][330]LogContentBrowser: Native class hierarchy updated for 'MovieSceneCapture' in 0.0003 seconds. Added 20 classes and 0 folders.
[2019.06.18-02.04.41:491][330]PIE: Play in editor start time for /Game/ThirdPersonBP/Maps/UEDPIE_0_ThirdPersonExampleMap -0.183
[2019.06.18-02.04.41:491][330]LogBlueprintUserMessages: Late PlayInEditor Detection: Level '/Game/ThirdPersonBP/Maps/ThirdPersonExampleMap.ThirdPersonExampleMap:PersistentLevel' has LevelScriptBlueprint '/Game/ThirdPersonBP/Maps/ThirdPersonExampleMap.ThirdPersonExampleMap:PersistentLevel.ThirdPersonExampleMap' with GeneratedClass '/Game/ThirdPersonBP/Maps/ThirdPersonExampleMap.ThirdPersonExampleMap_C' with ClassGeneratedBy '/Game/ThirdPersonBP/Maps/ThirdPersonExampleMap.ThirdPersonExampleMap:PersistentLevel.ThirdPersonExampleMap'
[2019.06.18-02.05.04:922][729]LogBlueprintUserMessages: [SimpleAI_2] Hit
[2019.06.18-02.05.05:105][740]LogBlueprintUserMessages: [SimpleAI_2] Hit
[2019.06.18-02.05.05:305][752]LogBlueprintUserMessages: [SimpleAI_2] Hit
[2019.06.18-02.05.05:489][763]LogBlueprintUserMessages: [SimpleAI_2] Hit
[2019.06.18-02.05.09:650][ 12]LogScript: Warning: Accessed None trying to read property K2Node_DynamicCast_AsThird_Person_Character
	Weapon_Base_C /Game/ThirdPersonBP/Maps/UEDPIE_0_ThirdPersonExampleMap.ThirdPersonExampleMap:PersistentLevel.Weapon_Base_C_0
	Function /Game/ThirdPersonBP/Blueprints/Weapons/AK/Weapon_Base.Weapon_Base_C:Reload:01C0
[2019.06.18-02.05.09:650][ 12]PIE: Error: Blueprint Runtime Error: "Accessed None trying to read property K2Node_DynamicCast_AsThird_Person_Character". Blueprint:  Weapon_Base Function:  Reload Graph:  Reload Node:  Return Node
[2019.06.18-02.05.09:650][ 12]LogBlueprintUserMessages: [ThirdPersonCharacter_167] reloading
[2019.06.18-02.05.12:132][161]LogBlueprintUserMessages: [ThirdPersonCharacter_167] not reloading
[2019.06.18-02.05.16:118][400]LogBlueprintUserMessages: Early EndPlayMap Detection: Level '/Game/ThirdPersonBP/Maps/ThirdPersonExampleMap.ThirdPersonExampleMap:PersistentLevel' has LevelScriptBlueprint '/Game/ThirdPersonBP/Maps/ThirdPersonExampleMap.ThirdPersonExampleMap:PersistentLevel.ThirdPersonExampleMap' with GeneratedClass '/Game/ThirdPersonBP/Maps/ThirdPersonExampleMap.ThirdPersonExampleMap_C' with ClassGeneratedBy '/Game/ThirdPersonBP/Maps/ThirdPersonExampleMap.ThirdPersonExampleMap:PersistentLevel.ThirdPersonExampleMap'
[2019.06.18-02.05.16:119][400]LogSlate: Updating window title bar state: overlay mode, drag disabled, window buttons hidden, title bar hidden
[2019.06.18-02.05.16:150][400]LogPlayLevel: Display: Shutting down PIE online subsystems
[2019.06.18-02.05.16:150][400]LogBlueprintUserMessages: Late EndPlayMap Detection: Level '/Game/ThirdPersonBP/Maps/ThirdPersonExampleMap.ThirdPersonExampleMap:PersistentLevel' has LevelScriptBlueprint '/Game/ThirdPersonBP/Maps/ThirdPersonExampleMap.ThirdPersonExampleMap:PersistentLevel.ThirdPersonExampleMap' with GeneratedClass '/Game/ThirdPersonBP/Maps/ThirdPersonExampleMap.ThirdPersonExampleMap_C' with ClassGeneratedBy '/Game/ThirdPersonBP/Maps/ThirdPersonExampleMap.ThirdPersonExampleMap:PersistentLevel.ThirdPersonExampleMap'
[2019.06.18-02.05.16:181][400]LogSlate: Updating window title bar state: overlay mode, drag disabled, window buttons hidden, title bar hidden
[2019.06.18-02.05.16:186][400]LogUObjectHash: Compacting FUObjectHashTables data took   1.85ms
[2019.06.18-02.05.16:197][400]LogSlate: FSceneViewport::OnFocusLost() reason 2
[2019.06.18-02.05.16:245][401]LogPlayLevel: Display: Destroying online subsystem :Context_6
[2019.06.18-02.07.01:608][ 13]LogSlate: Window 'Message Log' being destroyed
[2019.06.18-02.07.01:615][ 13]LogSlate: Window 'Message Log' being destroyed
[2019.06.18-02.07.10:222][280]LogSlate: FSceneViewport::OnFocusLost() reason 0
[2019.06.18-02.07.14:336][524]LogAssetEditorManager: Opening Asset editor for Blueprint /Game/ThirdPersonBP/Blueprints/ThirdPersonCharacter.ThirdPersonCharacter
[2019.06.18-02.07.14:680][524]LogContentBrowser: Native class hierarchy updated for 'BlueprintGraph' in 0.0007 seconds. Added 121 classes and 0 folders.
[2019.06.18-02.07.15:858][524]LogSlate: Took 0.001142 seconds to synchronously load lazily loaded font '../../../Engine/Content/Slate/Fonts/Roboto-BoldCondensed.ttf' (158K)
[2019.06.18-02.07.16:193][525]LogSlate: Took 0.001291 seconds to synchronously load lazily loaded font '../../../Engine/Content/Slate/Fonts/Roboto-Italic.ttf' (157K)
[2019.06.18-02.08.49:747][488]LogSavePackage: Moving '../../../../../../Users/JPFN/Documents/Unreal Projects/GoldenEye/Saved/ThirdPersonCharacter28DEDE264938BA5B018124A6AC59BB6E.tmp' to '../../../../../../Users/JPFN/Documents/Unreal Projects/GoldenEye/Content/ThirdPersonBP/Blueprints/ThirdPersonCharacter.uasset'
[2019.06.18-02.08.51:020][548]LogSavePackage: Moving '../../../../../../Users/JPFN/Documents/Unreal Projects/GoldenEye/Saved/ThirdPersonCharacter867CEDB1453E1D8AD63FACAE021E2221.tmp' to '../../../../../../Users/JPFN/Documents/Unreal Projects/GoldenEye/Content/ThirdPersonBP/Blueprints/ThirdPersonCharacter.uasset'
[2019.06.18-02.08.51:680][583]BlueprintLog: New page: Compile ThirdPersonCharacter
[2019.06.18-02.08.51:956][583]LogUObjectHash: Compacting FUObjectHashTables data took   3.37ms
[2019.06.18-02.08.53:786][667]LogTemp: Repeating last play command: Selected Viewport
[2019.06.18-02.08.53:823][667]LogBlueprintUserMessages: Early PlayInEditor Detection: Level '/Game/ThirdPersonBP/Maps/ThirdPersonExampleMap.ThirdPersonExampleMap:PersistentLevel' has LevelScriptBlueprint '/Game/ThirdPersonBP/Maps/ThirdPersonExampleMap.ThirdPersonExampleMap:PersistentLevel.ThirdPersonExampleMap' with GeneratedClass '/Game/ThirdPersonBP/Maps/ThirdPersonExampleMap.ThirdPersonExampleMap_C' with ClassGeneratedBy '/Game/ThirdPersonBP/Maps/ThirdPersonExampleMap.ThirdPersonExampleMap:PersistentLevel.ThirdPersonExampleMap'
[2019.06.18-02.08.53:823][667]LogPlayLevel: PlayLevel: No blueprints needed recompiling
[2019.06.18-02.08.53:823][667]PIE: New page: PIE session: ThirdPersonExampleMap (Jun 17, 2019, 8:08:53 PM)
[2019.06.18-02.08.53:823][667]LogPlayLevel: Creating play world package: /Game/ThirdPersonBP/Maps/UEDPIE_0_ThirdPersonExampleMap
[2019.06.18-02.08.53:842][667]LogPlayLevel: PIE: StaticDuplicateObject took: (0.018829s)
[2019.06.18-02.08.53:843][667]LogAIModule: Creating AISystem for world ThirdPersonExampleMap
[2019.06.18-02.08.53:843][667]LogPlayLevel: PIE: World Init took: (0.001174s)
[2019.06.18-02.08.53:844][667]LogPlayLevel: PIE: Created PIE world by copying editor world from /Game/ThirdPersonBP/Maps/ThirdPersonExampleMap.ThirdPersonExampleMap to /Game/ThirdPersonBP/Maps/UEDPIE_0_ThirdPersonExampleMap.ThirdPersonExampleMap (0.020276s)
[2019.06.18-02.08.53:947][667]LogUObjectHash: Compacting FUObjectHashTables data took   3.13ms
[2019.06.18-02.08.53:983][667]LogInit: XAudio2 using 'Headset Earphone (Razer Kraken 7.1 V2)' : 2 channels at 48 kHz using 16 bits per sample (channel mask 0x3)
[2019.06.18-02.08.54:001][667]LogInit: FAudioDevice initialized.
[2019.06.18-02.08.54:037][667]LogLoad: Game class is 'ThirdPersonGameMode_C'
[2019.06.18-02.08.54:043][667]LogWorld: Bringing World /Game/ThirdPersonBP/Maps/UEDPIE_0_ThirdPersonExampleMap.ThirdPersonExampleMap up for play (max tick rate 60) at 2019.06.17-23.08.54
[2019.06.18-02.08.54:043][667]LogWorld: Bringing up level for play took: 0.005177
[2019.06.18-02.08.54:058][667]PIE: Play in editor start time for /Game/ThirdPersonBP/Maps/UEDPIE_0_ThirdPersonExampleMap 0.385
[2019.06.18-02.08.54:058][667]LogBlueprintUserMessages: Late PlayInEditor Detection: Level '/Game/ThirdPersonBP/Maps/ThirdPersonExampleMap.ThirdPersonExampleMap:PersistentLevel' has LevelScriptBlueprint '/Game/ThirdPersonBP/Maps/ThirdPersonExampleMap.ThirdPersonExampleMap:PersistentLevel.ThirdPersonExampleMap' with GeneratedClass '/Game/ThirdPersonBP/Maps/ThirdPersonExampleMap.ThirdPersonExampleMap_C' with ClassGeneratedBy '/Game/ThirdPersonBP/Maps/ThirdPersonExampleMap.ThirdPersonExampleMap:PersistentLevel.ThirdPersonExampleMap'
[2019.06.18-02.09.06:995][400]LogBlueprintUserMessages: [SimpleAI_2] Hit
[2019.06.18-02.09.07:184][411]LogBlueprintUserMessages: [SimpleAI_2] Hit
[2019.06.18-02.09.07:391][423]LogBlueprintUserMessages: [SimpleAI_2] Hit
[2019.06.18-02.09.07:591][435]LogBlueprintUserMessages: [SimpleAI_2] Hit
[2019.06.18-02.09.08:573][490]LogBlueprintUserMessages: Early EndPlayMap Detection: Level '/Game/ThirdPersonBP/Maps/ThirdPersonExampleMap.ThirdPersonExampleMap:PersistentLevel' has LevelScriptBlueprint '/Game/ThirdPersonBP/Maps/ThirdPersonExampleMap.ThirdPersonExampleMap:PersistentLevel.ThirdPersonExampleMap' with GeneratedClass '/Game/ThirdPersonBP/Maps/ThirdPersonExampleMap.ThirdPersonExampleMap_C' with ClassGeneratedBy '/Game/ThirdPersonBP/Maps/ThirdPersonExampleMap.ThirdPersonExampleMap:PersistentLevel.ThirdPersonExampleMap'
[2019.06.18-02.09.08:573][490]LogSlate: Updating window title bar state: overlay mode, drag disabled, window buttons hidden, title bar hidden
[2019.06.18-02.09.08:629][490]LogPlayLevel: Display: Shutting down PIE online subsystems
[2019.06.18-02.09.08:629][490]LogBlueprintUserMessages: Late EndPlayMap Detection: Level '/Game/ThirdPersonBP/Maps/ThirdPersonExampleMap.ThirdPersonExampleMap:PersistentLevel' has LevelScriptBlueprint '/Game/ThirdPersonBP/Maps/ThirdPersonExampleMap.ThirdPersonExampleMap:PersistentLevel.ThirdPersonExampleMap' with GeneratedClass '/Game/ThirdPersonBP/Maps/ThirdPersonExampleMap.ThirdPersonExampleMap_C' with ClassGeneratedBy '/Game/ThirdPersonBP/Maps/ThirdPersonExampleMap.ThirdPersonExampleMap:PersistentLevel.ThirdPersonExampleMap'
[2019.06.18-02.09.08:677][490]LogSlate: Updating window title bar state: overlay mode, drag disabled, window buttons hidden, title bar hidden
[2019.06.18-02.09.08:685][490]LogUObjectHash: Compacting FUObjectHashTables data took   3.99ms
[2019.06.18-02.09.08:920][491]LogPlayLevel: Display: Destroying online subsystem :Context_12
[2019.06.18-02.18.05:625][151]LogUObjectHash: Compacting FUObjectHashTables data took   1.70ms
[2019.06.18-02.18.05:918][151]LogSavePackage: Moving '../../../../../../Users/JPFN/Documents/Unreal Projects/GoldenEye/Saved/ThirdPersonExampleMap_Auto12B0255C7443C74C6CF014E98332BC321.tmp' to '../../../../../../Users/JPFN/Documents/Unreal Projects/GoldenEye/Saved/Autosaves/Game/ThirdPersonBP/Maps/ThirdPersonExampleMap_Auto1.umap'
[2019.06.18-02.18.05:924][151]LogFileHelpers: Editor autosave (incl. sublevels) for '/Game/ThirdPersonBP/Maps/ThirdPersonExampleMap' took 0.340
[2019.06.18-02.18.05:924][151]LogFileHelpers: Editor autosave (incl. sublevels) for all levels took 0.340
[2019.06.18-02.18.52:573][292]LogSlate: FSceneViewport::OnFocusLost() reason 2
[2019.06.18-02.19.03:539][912]LogAssetEditorManager: Opening Asset editor for Blueprint /Game/ThirdPersonBP/Blueprints/Weapons/AK/Weapon_Base.Weapon_Base
[2019.06.18-02.20.00:737][261]LogSavePackage: Moving '../../../../../../Users/JPFN/Documents/Unreal Projects/GoldenEye/Saved/Weapon_Base48B6A88C44DE899EF035AAAEA9C811E8.tmp' to '../../../../../../Users/JPFN/Documents/Unreal Projects/GoldenEye/Content/ThirdPersonBP/Blueprints/Weapons/AK/Weapon_Base.uasset'
[2019.06.18-02.20.01:465][301]BlueprintLog: New page: Compile Weapon_Base
[2019.06.18-02.20.01:738][301]LogUObjectHash: Compacting FUObjectHashTables data took   4.07ms
[2019.06.18-02.20.04:105][436]LogTemp: Repeating last play command: Selected Viewport
[2019.06.18-02.20.04:122][436]LogBlueprintUserMessages: Early PlayInEditor Detection: Level '/Game/ThirdPersonBP/Maps/ThirdPersonExampleMap.ThirdPersonExampleMap:PersistentLevel' has LevelScriptBlueprint '/Game/ThirdPersonBP/Maps/ThirdPersonExampleMap.ThirdPersonExampleMap:PersistentLevel.ThirdPersonExampleMap' with GeneratedClass '/Game/ThirdPersonBP/Maps/ThirdPersonExampleMap.ThirdPersonExampleMap_C' with ClassGeneratedBy '/Game/ThirdPersonBP/Maps/ThirdPersonExampleMap.ThirdPersonExampleMap:PersistentLevel.ThirdPersonExampleMap'
[2019.06.18-02.20.04:122][436]LogPlayLevel: PlayLevel: No blueprints needed recompiling
[2019.06.18-02.20.04:122][436]PIE: New page: PIE session: ThirdPersonExampleMap (Jun 17, 2019, 8:20:04 PM)
[2019.06.18-02.20.04:122][436]LogPlayLevel: Creating play world package: /Game/ThirdPersonBP/Maps/UEDPIE_0_ThirdPersonExampleMap
[2019.06.18-02.20.04:136][436]LogPlayLevel: PIE: StaticDuplicateObject took: (0.013692s)
[2019.06.18-02.20.04:136][436]LogAIModule: Creating AISystem for world ThirdPersonExampleMap
[2019.06.18-02.20.04:137][436]LogPlayLevel: PIE: World Init took: (0.000714s)
[2019.06.18-02.20.04:137][436]LogPlayLevel: PIE: Created PIE world by copying editor world from /Game/ThirdPersonBP/Maps/ThirdPersonExampleMap.ThirdPersonExampleMap to /Game/ThirdPersonBP/Maps/UEDPIE_0_ThirdPersonExampleMap.ThirdPersonExampleMap (0.014609s)
[2019.06.18-02.20.04:175][436]LogUObjectHash: Compacting FUObjectHashTables data took   3.92ms
[2019.06.18-02.20.04:210][436]LogInit: XAudio2 using 'Headset Earphone (Razer Kraken 7.1 V2)' : 2 channels at 48 kHz using 16 bits per sample (channel mask 0x3)
[2019.06.18-02.20.04:227][436]LogInit: FAudioDevice initialized.
[2019.06.18-02.20.04:259][436]LogLoad: Game class is 'ThirdPersonGameMode_C'
[2019.06.18-02.20.04:262][436]LogWorld: Bringing World /Game/ThirdPersonBP/Maps/UEDPIE_0_ThirdPersonExampleMap.ThirdPersonExampleMap up for play (max tick rate 60) at 2019.06.17-23.20.04
[2019.06.18-02.20.04:263][436]LogWorld: Bringing up level for play took: 0.002848
[2019.06.18-02.20.04:277][436]PIE: Play in editor start time for /Game/ThirdPersonBP/Maps/UEDPIE_0_ThirdPersonExampleMap 0.604
[2019.06.18-02.20.04:277][436]LogBlueprintUserMessages: Late PlayInEditor Detection: Level '/Game/ThirdPersonBP/Maps/ThirdPersonExampleMap.ThirdPersonExampleMap:PersistentLevel' has LevelScriptBlueprint '/Game/ThirdPersonBP/Maps/ThirdPersonExampleMap.ThirdPersonExampleMap:PersistentLevel.ThirdPersonExampleMap' with GeneratedClass '/Game/ThirdPersonBP/Maps/ThirdPersonExampleMap.ThirdPersonExampleMap_C' with ClassGeneratedBy '/Game/ThirdPersonBP/Maps/ThirdPersonExampleMap.ThirdPersonExampleMap:PersistentLevel.ThirdPersonExampleMap'
[2019.06.18-02.20.06:614][574]LogBlueprintUserMessages: [SimpleAI_2] Hit
[2019.06.18-02.20.06:781][584]LogBlueprintUserMessages: [SimpleAI_2] Hit
[2019.06.18-02.20.06:798][585]LogBlueprintUserMessages: [SimpleAI_2] Hit
[2019.06.18-02.20.06:936][593]LogBlueprintUserMessages: [SimpleAI_2] Hit
[2019.06.18-02.20.08:923][712]LogBlueprintUserMessages: Early EndPlayMap Detection: Level '/Game/ThirdPersonBP/Maps/ThirdPersonExampleMap.ThirdPersonExampleMap:PersistentLevel' has LevelScriptBlueprint '/Game/ThirdPersonBP/Maps/ThirdPersonExampleMap.ThirdPersonExampleMap:PersistentLevel.ThirdPersonExampleMap' with GeneratedClass '/Game/ThirdPersonBP/Maps/ThirdPersonExampleMap.ThirdPersonExampleMap_C' with ClassGeneratedBy '/Game/ThirdPersonBP/Maps/ThirdPersonExampleMap.ThirdPersonExampleMap:PersistentLevel.ThirdPersonExampleMap'
[2019.06.18-02.20.08:923][712]LogSlate: Updating window title bar state: overlay mode, drag disabled, window buttons hidden, title bar hidden
[2019.06.18-02.20.08:958][712]LogPlayLevel: Display: Shutting down PIE online subsystems
[2019.06.18-02.20.08:958][712]LogBlueprintUserMessages: Late EndPlayMap Detection: Level '/Game/ThirdPersonBP/Maps/ThirdPersonExampleMap.ThirdPersonExampleMap:PersistentLevel' has LevelScriptBlueprint '/Game/ThirdPersonBP/Maps/ThirdPersonExampleMap.ThirdPersonExampleMap:PersistentLevel.ThirdPersonExampleMap' with GeneratedClass '/Game/ThirdPersonBP/Maps/ThirdPersonExampleMap.ThirdPersonExampleMap_C' with ClassGeneratedBy '/Game/ThirdPersonBP/Maps/ThirdPersonExampleMap.ThirdPersonExampleMap:PersistentLevel.ThirdPersonExampleMap'
[2019.06.18-02.20.09:000][712]LogSlate: Updating window title bar state: overlay mode, drag disabled, window buttons hidden, title bar hidden
[2019.06.18-02.20.09:007][712]LogUObjectHash: Compacting FUObjectHashTables data took   3.62ms
[2019.06.18-02.20.09:040][713]LogPlayLevel: Display: Destroying online subsystem :Context_15
[2019.06.18-02.20.10:726][810]LogSlate: FSceneViewport::OnFocusLost() reason 2
[2019.06.18-02.20.14:474][ 30]BlueprintLog: New page: Compile Weapon_Base
[2019.06.18-02.20.14:683][ 30]LogUObjectHash: Compacting FUObjectHashTables data took   4.66ms
[2019.06.18-02.20.14:830][ 30]LogSavePackage: Moving '../../../../../../Users/JPFN/Documents/Unreal Projects/GoldenEye/Saved/Weapon_Base1EF240B5499FFA1A28DA39AA829A2FD0.tmp' to '../../../../../../Users/JPFN/Documents/Unreal Projects/GoldenEye/Content/ThirdPersonBP/Blueprints/Weapons/AK/Weapon_Base.uasset'
[2019.06.18-02.20.15:573][ 70]LogSlate: FSceneViewport::OnFocusLost() reason 0
[2019.06.18-02.20.15:622][ 73]LogTemp: Repeating last play command: Selected Viewport
[2019.06.18-02.20.15:639][ 73]LogBlueprintUserMessages: Early PlayInEditor Detection: Level '/Game/ThirdPersonBP/Maps/ThirdPersonExampleMap.ThirdPersonExampleMap:PersistentLevel' has LevelScriptBlueprint '/Game/ThirdPersonBP/Maps/ThirdPersonExampleMap.ThirdPersonExampleMap:PersistentLevel.ThirdPersonExampleMap' with GeneratedClass '/Game/ThirdPersonBP/Maps/ThirdPersonExampleMap.ThirdPersonExampleMap_C' with ClassGeneratedBy '/Game/ThirdPersonBP/Maps/ThirdPersonExampleMap.ThirdPersonExampleMap:PersistentLevel.ThirdPersonExampleMap'
[2019.06.18-02.20.15:639][ 73]LogPlayLevel: PlayLevel: No blueprints needed recompiling
[2019.06.18-02.20.15:639][ 73]PIE: New page: PIE session: ThirdPersonExampleMap (Jun 17, 2019, 8:20:15 PM)
[2019.06.18-02.20.15:640][ 73]LogPlayLevel: Creating play world package: /Game/ThirdPersonBP/Maps/UEDPIE_0_ThirdPersonExampleMap
[2019.06.18-02.20.15:652][ 73]LogPlayLevel: PIE: StaticDuplicateObject took: (0.012299s)
[2019.06.18-02.20.15:653][ 73]LogAIModule: Creating AISystem for world ThirdPersonExampleMap
[2019.06.18-02.20.15:653][ 73]LogPlayLevel: PIE: World Init took: (0.001332s)
[2019.06.18-02.20.15:653][ 73]LogPlayLevel: PIE: Created PIE world by copying editor world from /Game/ThirdPersonBP/Maps/ThirdPersonExampleMap.ThirdPersonExampleMap to /Game/ThirdPersonBP/Maps/UEDPIE_0_ThirdPersonExampleMap.ThirdPersonExampleMap (0.013923s)
[2019.06.18-02.20.15:752][ 73]LogUObjectHash: Compacting FUObjectHashTables data took   3.90ms
[2019.06.18-02.20.15:790][ 73]LogInit: XAudio2 using 'Headset Earphone (Razer Kraken 7.1 V2)' : 2 channels at 48 kHz using 16 bits per sample (channel mask 0x3)
[2019.06.18-02.20.15:808][ 73]LogInit: FAudioDevice initialized.
[2019.06.18-02.20.15:837][ 73]LogLoad: Game class is 'ThirdPersonGameMode_C'
[2019.06.18-02.20.15:841][ 73]LogWorld: Bringing World /Game/ThirdPersonBP/Maps/UEDPIE_0_ThirdPersonExampleMap.ThirdPersonExampleMap up for play (max tick rate 60) at 2019.06.17-23.20.15
[2019.06.18-02.20.15:841][ 73]LogWorld: Bringing up level for play took: 0.003034
[2019.06.18-02.20.15:855][ 73]PIE: Play in editor start time for /Game/ThirdPersonBP/Maps/UEDPIE_0_ThirdPersonExampleMap 0.182
[2019.06.18-02.20.15:855][ 73]LogBlueprintUserMessages: Late PlayInEditor Detection: Level '/Game/ThirdPersonBP/Maps/ThirdPersonExampleMap.ThirdPersonExampleMap:PersistentLevel' has LevelScriptBlueprint '/Game/ThirdPersonBP/Maps/ThirdPersonExampleMap.ThirdPersonExampleMap:PersistentLevel.ThirdPersonExampleMap' with GeneratedClass '/Game/ThirdPersonBP/Maps/ThirdPersonExampleMap.ThirdPersonExampleMap_C' with ClassGeneratedBy '/Game/ThirdPersonBP/Maps/ThirdPersonExampleMap.ThirdPersonExampleMap:PersistentLevel.ThirdPersonExampleMap'
[2019.06.18-02.20.16:988][139]LogBlueprintUserMessages: [SimpleAI_2] Hit
[2019.06.18-02.20.17:438][166]LogBlueprintUserMessages: [SimpleAI_2] Hit
[2019.06.18-02.20.17:672][180]LogBlueprintUserMessages: [SimpleAI_2] Hit
[2019.06.18-02.20.17:826][189]LogBlueprintUserMessages: [SimpleAI_2] Hit
[2019.06.18-02.20.20:408][343]LogScript: Warning: Accessed None trying to read property K2Node_DynamicCast_AsThird_Person_Character
	Weapon_Base_C /Game/ThirdPersonBP/Maps/UEDPIE_0_ThirdPersonExampleMap.ThirdPersonExampleMap:PersistentLevel.Weapon_Base_C_0
	Function /Game/ThirdPersonBP/Blueprints/Weapons/AK/Weapon_Base.Weapon_Base_C:Reload:01C0
[2019.06.18-02.20.20:408][343]PIE: Error: Blueprint Runtime Error: "Accessed None trying to read property K2Node_DynamicCast_AsThird_Person_Character". Blueprint:  Weapon_Base Function:  Reload Graph:  Reload Node:  Return Node
[2019.06.18-02.20.20:408][343]LogBlueprintUserMessages: [ThirdPersonCharacter_167] reloading
[2019.06.18-02.20.22:906][491]LogBlueprintUserMessages: [ThirdPersonCharacter_167] not reloading
[2019.06.18-02.20.35:950][272]LogBlueprintUserMessages: Early EndPlayMap Detection: Level '/Game/ThirdPersonBP/Maps/ThirdPersonExampleMap.ThirdPersonExampleMap:PersistentLevel' has LevelScriptBlueprint '/Game/ThirdPersonBP/Maps/ThirdPersonExampleMap.ThirdPersonExampleMap:PersistentLevel.ThirdPersonExampleMap' with GeneratedClass '/Game/ThirdPersonBP/Maps/ThirdPersonExampleMap.ThirdPersonExampleMap_C' with ClassGeneratedBy '/Game/ThirdPersonBP/Maps/ThirdPersonExampleMap.ThirdPersonExampleMap:PersistentLevel.ThirdPersonExampleMap'
[2019.06.18-02.20.35:951][272]LogSlate: Updating window title bar state: overlay mode, drag disabled, window buttons hidden, title bar hidden
[2019.06.18-02.20.35:993][272]LogPlayLevel: Display: Shutting down PIE online subsystems
[2019.06.18-02.20.35:994][272]LogBlueprintUserMessages: Late EndPlayMap Detection: Level '/Game/ThirdPersonBP/Maps/ThirdPersonExampleMap.ThirdPersonExampleMap:PersistentLevel' has LevelScriptBlueprint '/Game/ThirdPersonBP/Maps/ThirdPersonExampleMap.ThirdPersonExampleMap:PersistentLevel.ThirdPersonExampleMap' with GeneratedClass '/Game/ThirdPersonBP/Maps/ThirdPersonExampleMap.ThirdPersonExampleMap_C' with ClassGeneratedBy '/Game/ThirdPersonBP/Maps/ThirdPersonExampleMap.ThirdPersonExampleMap:PersistentLevel.ThirdPersonExampleMap'
[2019.06.18-02.20.36:035][272]LogSlate: Updating window title bar state: overlay mode, drag disabled, window buttons hidden, title bar hidden
[2019.06.18-02.20.36:039][272]LogUObjectHash: Compacting FUObjectHashTables data took   2.34ms
[2019.06.18-02.20.36:051][272]LogSlate: FSceneViewport::OnFocusLost() reason 2
[2019.06.18-02.20.36:094][273]LogPlayLevel: Display: Destroying online subsystem :Context_16
[2019.06.18-02.20.37:508][354]LogTemp: Repeating last play command: Selected Viewport
[2019.06.18-02.20.37:525][354]LogBlueprintUserMessages: Early PlayInEditor Detection: Level '/Game/ThirdPersonBP/Maps/ThirdPersonExampleMap.ThirdPersonExampleMap:PersistentLevel' has LevelScriptBlueprint '/Game/ThirdPersonBP/Maps/ThirdPersonExampleMap.ThirdPersonExampleMap:PersistentLevel.ThirdPersonExampleMap' with GeneratedClass '/Game/ThirdPersonBP/Maps/ThirdPersonExampleMap.ThirdPersonExampleMap_C' with ClassGeneratedBy '/Game/ThirdPersonBP/Maps/ThirdPersonExampleMap.ThirdPersonExampleMap:PersistentLevel.ThirdPersonExampleMap'
[2019.06.18-02.20.37:525][354]LogPlayLevel: PlayLevel: No blueprints needed recompiling
[2019.06.18-02.20.37:525][354]PIE: New page: PIE session: ThirdPersonExampleMap (Jun 17, 2019, 8:20:37 PM)
[2019.06.18-02.20.37:525][354]LogPlayLevel: Creating play world package: /Game/ThirdPersonBP/Maps/UEDPIE_0_ThirdPersonExampleMap
[2019.06.18-02.20.37:538][354]LogPlayLevel: PIE: StaticDuplicateObject took: (0.012460s)
[2019.06.18-02.20.37:539][354]LogAIModule: Creating AISystem for world ThirdPersonExampleMap
[2019.06.18-02.20.37:539][354]LogPlayLevel: PIE: World Init took: (0.000788s)
[2019.06.18-02.20.37:539][354]LogPlayLevel: PIE: Created PIE world by copying editor world from /Game/ThirdPersonBP/Maps/ThirdPersonExampleMap.ThirdPersonExampleMap to /Game/ThirdPersonBP/Maps/UEDPIE_0_ThirdPersonExampleMap.ThirdPersonExampleMap (0.013451s)
[2019.06.18-02.20.37:577][354]LogUObjectHash: Compacting FUObjectHashTables data took   1.86ms
[2019.06.18-02.20.37:612][354]LogInit: XAudio2 using 'Headset Earphone (Razer Kraken 7.1 V2)' : 2 channels at 48 kHz using 16 bits per sample (channel mask 0x3)
[2019.06.18-02.20.37:629][354]LogInit: FAudioDevice initialized.
[2019.06.18-02.20.37:663][354]LogLoad: Game class is 'ThirdPersonGameMode_C'
[2019.06.18-02.20.37:667][354]LogWorld: Bringing World /Game/ThirdPersonBP/Maps/UEDPIE_0_ThirdPersonExampleMap.ThirdPersonExampleMap up for play (max tick rate 60) at 2019.06.17-23.20.37
[2019.06.18-02.20.37:668][354]LogWorld: Bringing up level for play took: 0.003199
[2019.06.18-02.20.37:682][354]PIE: Play in editor start time for /Game/ThirdPersonBP/Maps/UEDPIE_0_ThirdPersonExampleMap 0.009
[2019.06.18-02.20.37:682][354]LogBlueprintUserMessages: Late PlayInEditor Detection: Level '/Game/ThirdPersonBP/Maps/ThirdPersonExampleMap.ThirdPersonExampleMap:PersistentLevel' has LevelScriptBlueprint '/Game/ThirdPersonBP/Maps/ThirdPersonExampleMap.ThirdPersonExampleMap:PersistentLevel.ThirdPersonExampleMap' with GeneratedClass '/Game/ThirdPersonBP/Maps/ThirdPersonExampleMap.ThirdPersonExampleMap_C' with ClassGeneratedBy '/Game/ThirdPersonBP/Maps/ThirdPersonExampleMap.ThirdPersonExampleMap:PersistentLevel.ThirdPersonExampleMap'
[2019.06.18-02.20.38:502][401]LogSlate: Window 'Message Log' being destroyed
[2019.06.18-02.20.38:511][401]LogSlate: Window 'Message Log' being destroyed
[2019.06.18-02.20.42:900][664]LogBlueprintUserMessages: [SimpleAI_2] Hit
[2019.06.18-02.20.43:667][710]LogBlueprintUserMessages: [SimpleAI_2] Hit
[2019.06.18-02.20.43:984][729]LogBlueprintUserMessages: [SimpleAI_2] Hit
[2019.06.18-02.20.44:200][742]LogBlueprintUserMessages: [SimpleAI_2] Hit
[2019.06.18-02.20.45:083][794]LogScript: Warning: Accessed None trying to read property K2Node_DynamicCast_AsThird_Person_Character
	Weapon_Base_C /Game/ThirdPersonBP/Maps/UEDPIE_0_ThirdPersonExampleMap.ThirdPersonExampleMap:PersistentLevel.Weapon_Base_C_0
	Function /Game/ThirdPersonBP/Blueprints/Weapons/AK/Weapon_Base.Weapon_Base_C:Reload:01C0
[2019.06.18-02.20.45:083][794]PIE: Error: Blueprint Runtime Error: "Accessed None trying to read property K2Node_DynamicCast_AsThird_Person_Character". Blueprint:  Weapon_Base Function:  Reload Graph:  Reload Node:  Return Node
[2019.06.18-02.20.45:083][794]LogBlueprintUserMessages: [ThirdPersonCharacter_167] reloading
[2019.06.18-02.20.47:460][936]LogBlueprintUserMessages: Early EndPlayMap Detection: Level '/Game/ThirdPersonBP/Maps/ThirdPersonExampleMap.ThirdPersonExampleMap:PersistentLevel' has LevelScriptBlueprint '/Game/ThirdPersonBP/Maps/ThirdPersonExampleMap.ThirdPersonExampleMap:PersistentLevel.ThirdPersonExampleMap' with GeneratedClass '/Game/ThirdPersonBP/Maps/ThirdPersonExampleMap.ThirdPersonExampleMap_C' with ClassGeneratedBy '/Game/ThirdPersonBP/Maps/ThirdPersonExampleMap.ThirdPersonExampleMap:PersistentLevel.ThirdPersonExampleMap'
[2019.06.18-02.20.47:461][936]LogSlate: Updating window title bar state: overlay mode, drag disabled, window buttons hidden, title bar hidden
[2019.06.18-02.20.47:498][936]LogPlayLevel: Display: Shutting down PIE online subsystems
[2019.06.18-02.20.47:498][936]LogBlueprintUserMessages: Late EndPlayMap Detection: Level '/Game/ThirdPersonBP/Maps/ThirdPersonExampleMap.ThirdPersonExampleMap:PersistentLevel' has LevelScriptBlueprint '/Game/ThirdPersonBP/Maps/ThirdPersonExampleMap.ThirdPersonExampleMap:PersistentLevel.ThirdPersonExampleMap' with GeneratedClass '/Game/ThirdPersonBP/Maps/ThirdPersonExampleMap.ThirdPersonExampleMap_C' with ClassGeneratedBy '/Game/ThirdPersonBP/Maps/ThirdPersonExampleMap.ThirdPersonExampleMap:PersistentLevel.ThirdPersonExampleMap'
[2019.06.18-02.20.47:536][936]LogSlate: Updating window title bar state: overlay mode, drag disabled, window buttons hidden, title bar hidden
[2019.06.18-02.20.47:541][936]LogUObjectHash: Compacting FUObjectHashTables data took   1.93ms
[2019.06.18-02.20.47:553][936]LogSlate: FSceneViewport::OnFocusLost() reason 2
[2019.06.18-02.20.47:604][937]LogPlayLevel: Display: Destroying online subsystem :Context_17
[2019.06.18-02.21.10:236][268]LogSlate: Window 'Message Log' being destroyed
[2019.06.18-02.21.10:244][268]LogSlate: Window 'Message Log' being destroyed
[2019.06.18-02.21.17:946][366]LogSlate: FSceneViewport::OnFocusLost() reason 0
[2019.06.18-02.21.18:067][369]LogUObjectHash: Compacting FUObjectHashTables data took   0.83ms
[2019.06.18-02.21.18:300][369]LogSavePackage: Moving '../../../../../../Users/JPFN/Documents/Unreal Projects/GoldenEye/Saved/ThirdPersonExampleMap6FEA011D4E1A057CCE251A923491DD8F.tmp' to '../../../../../../Users/JPFN/Documents/Unreal Projects/GoldenEye/Content/ThirdPersonBP/Maps/ThirdPersonExampleMap.umap'
[2019.06.18-02.21.18:569][369]LogSavePackage: Moving '../../../../../../Users/JPFN/Documents/Unreal Projects/GoldenEye/Saved/ThirdPersonExampleMap_BuiltDataB366D73246EE6BD9B7CF45BC4C3F2A91.tmp' to '../../../../../../Users/JPFN/Documents/Unreal Projects/GoldenEye/Content/ThirdPersonBP/Maps/ThirdPersonExampleMap_BuiltData.uasset'
